CRITICAL - 2022-10-20 01:14:37 --> View themes, no current section.
in SYSTEMPATH\View\View.php on line 392.
 1 APPPATH\Views\forget_password_view.php(29): CodeIgniter\View\View->endSection()
 2 SYSTEMPATH\View\View.php(213): include('APPPATH\\Views\\forget_password_view.php')
 3 SYSTEMPATH\View\View.php(216): CodeIgniter\View\View->CodeIgniter\View\{closure}()
 4 SYSTEMPATH\Common.php(1137): CodeIgniter\View\View->render('forget_password_view', [], true)
 5 APPPATH\Controllers\Activate_Account_Controller.php(12): view('forget_password_view')
 6 SYSTEMPATH\CodeIgniter.php(904): App\Controllers\Activate_Account_Controller->forget_Password()
 7 SYSTEMPATH\CodeIgniter.php(457): CodeIgniter\CodeIgniter->runController(Object(App\Controllers\Activate_Account_Controller))
 8 SYSTEMPATH\CodeIgniter.php(340): CodeIgniter\CodeIgniter->handleRequest(null, Object(Config\Cache), false)
 9 FCPATH\index.php(67): CodeIgniter\CodeIgniter->run()
CRITICAL - 2022-10-20 02:28:02 --> Call to undefined method App\Controllers\Activate_Account_Controller::delete_expired_tokens()
in APPPATH\Controllers\Activate_Account_Controller.php on line 16.
 1 SYSTEMPATH\CodeIgniter.php(904): App\Controllers\Activate_Account_Controller->forget_Password_action()
 2 SYSTEMPATH\CodeIgniter.php(457): CodeIgniter\CodeIgniter->runController(Object(App\Controllers\Activate_Account_Controller))
 3 SYSTEMPATH\CodeIgniter.php(340): CodeIgniter\CodeIgniter->handleRequest(null, Object(Config\Cache), false)
 4 FCPATH\index.php(67): CodeIgniter\CodeIgniter->run()
ERROR - 2022-10-20 02:36:36 --> Email: sendWithMail throwed ErrorException: mail(): Failed to connect to mailserver at &quot;localhost&quot; port 25, verify your &quot;SMTP&quot; and &quot;smtp_port&quot; setting in php.ini or use ini_set() in C:\xampp\htdocs\KJ\system\Email\Email.php:1717
Stack trace:
#0 [internal function]: CodeIgniter\Debug\Exceptions->errorHandler(2, 'mail(): Failed ...', 'C:\\xampp\\htdocs...', 1717)
#1 C:\xampp\htdocs\KJ\system\Email\Email.php(1717): mail('zinzuvadiyaraj@...', '=?UTF-8?Q?Recov...', 'Hiiiii rajraj<b...', 'Date: Thu, 20 O...', '-f rzinzuvadiya...')
#2 C:\xampp\htdocs\KJ\system\Email\Email.php(1654): CodeIgniter\Email\Email->sendWithMail()
#3 C:\xampp\htdocs\KJ\system\Email\Email.php(1552): CodeIgniter\Email\Email->spoolEmail()
#4 C:\xampp\htdocs\KJ\app\Controllers\Activate_Account_Controller.php(42): CodeIgniter\Email\Email->send()
#5 C:\xampp\htdocs\KJ\system\CodeIgniter.php(904): App\Controllers\Activate_Account_Controller->forget_Password_action()
#6 C:\xampp\htdocs\KJ\system\CodeIgniter.php(457): CodeIgniter\CodeIgniter->runController(Object(App\Controllers\Activate_Account_Controller))
#7 C:\xampp\htdocs\KJ\system\CodeIgniter.php(340): CodeIgniter\CodeIgniter->handleRequest(NULL, Object(Config\Cache), false)
#8 C:\xampp\htdocs\KJ\public\index.php(67): CodeIgniter\CodeIgniter->run()
#9 {main}
ERROR - 2022-10-20 02:36:43 --> Email: sendWithMail throwed ErrorException: mail(): Failed to connect to mailserver at &quot;localhost&quot; port 25, verify your &quot;SMTP&quot; and &quot;smtp_port&quot; setting in php.ini or use ini_set() in C:\xampp\htdocs\KJ\system\Email\Email.php:1717
Stack trace:
#0 [internal function]: CodeIgniter\Debug\Exceptions->errorHandler(2, 'mail(): Failed ...', 'C:\\xampp\\htdocs...', 1717)
#1 C:\xampp\htdocs\KJ\system\Email\Email.php(1717): mail('zinzuvadiyaraj@...', '=?UTF-8?Q?Recov...', 'Hiiiii rajraj<b...', 'Date: Thu, 20 O...', '-f rzinzuvadiya...')
#2 C:\xampp\htdocs\KJ\system\Email\Email.php(1654): CodeIgniter\Email\Email->sendWithMail()
#3 C:\xampp\htdocs\KJ\system\Email\Email.php(1552): CodeIgniter\Email\Email->spoolEmail()
#4 C:\xampp\htdocs\KJ\app\Controllers\Activate_Account_Controller.php(42): CodeIgniter\Email\Email->send()
#5 C:\xampp\htdocs\KJ\system\CodeIgniter.php(904): App\Controllers\Activate_Account_Controller->forget_Password_action()
#6 C:\xampp\htdocs\KJ\system\CodeIgniter.php(457): CodeIgniter\CodeIgniter->runController(Object(App\Controllers\Activate_Account_Controller))
#7 C:\xampp\htdocs\KJ\system\CodeIgniter.php(340): CodeIgniter\CodeIgniter->handleRequest(NULL, Object(Config\Cache), false)
#8 C:\xampp\htdocs\KJ\public\index.php(67): CodeIgniter\CodeIgniter->run()
#9 {main}
CRITICAL - 2022-10-20 02:48:56 --> Call to undefined method App\Controllers\Activate_Account_Controller::verifyExpirytime()
in APPPATH\Controllers\Activate_Account_Controller.php on line 83.
 1 SYSTEMPATH\CodeIgniter.php(904): App\Controllers\Activate_Account_Controller->forget_Password_update()
 2 SYSTEMPATH\CodeIgniter.php(457): CodeIgniter\CodeIgniter->runController(Object(App\Controllers\Activate_Account_Controller))
 3 SYSTEMPATH\CodeIgniter.php(340): CodeIgniter\CodeIgniter->handleRequest(null, Object(Config\Cache), false)
 4 FCPATH\index.php(67): CodeIgniter\CodeIgniter->run()
CRITICAL - 2022-10-20 02:53:23 --> Call to undefined method App\Controllers\Activate_Account_Controller::verifyExpirytime()
in APPPATH\Controllers\Activate_Account_Controller.php on line 83.
 1 SYSTEMPATH\CodeIgniter.php(904): App\Controllers\Activate_Account_Controller->forget_Password_update()
 2 SYSTEMPATH\CodeIgniter.php(457): CodeIgniter\CodeIgniter->runController(Object(App\Controllers\Activate_Account_Controller))
 3 SYSTEMPATH\CodeIgniter.php(340): CodeIgniter\CodeIgniter->handleRequest(null, Object(Config\Cache), false)
 4 FCPATH\index.php(67): CodeIgniter\CodeIgniter->run()
CRITICAL - 2022-10-20 02:53:24 --> Call to undefined method App\Controllers\Activate_Account_Controller::verifyExpirytime()
in APPPATH\Controllers\Activate_Account_Controller.php on line 83.
 1 SYSTEMPATH\CodeIgniter.php(904): App\Controllers\Activate_Account_Controller->forget_Password_update()
 2 SYSTEMPATH\CodeIgniter.php(457): CodeIgniter\CodeIgniter->runController(Object(App\Controllers\Activate_Account_Controller))
 3 SYSTEMPATH\CodeIgniter.php(340): CodeIgniter\CodeIgniter->handleRequest(null, Object(Config\Cache), false)
 4 FCPATH\index.php(67): CodeIgniter\CodeIgniter->run()
CRITICAL - 2022-10-20 02:53:24 --> Call to undefined method App\Controllers\Activate_Account_Controller::verifyExpirytime()
in APPPATH\Controllers\Activate_Account_Controller.php on line 83.
 1 SYSTEMPATH\CodeIgniter.php(904): App\Controllers\Activate_Account_Controller->forget_Password_update()
 2 SYSTEMPATH\CodeIgniter.php(457): CodeIgniter\CodeIgniter->runController(Object(App\Controllers\Activate_Account_Controller))
 3 SYSTEMPATH\CodeIgniter.php(340): CodeIgniter\CodeIgniter->handleRequest(null, Object(Config\Cache), false)
 4 FCPATH\index.php(67): CodeIgniter\CodeIgniter->run()
CRITICAL - 2022-10-20 03:04:44 --> View themes, no current section.
in SYSTEMPATH\View\View.php on line 392.
 1 APPPATH\Views\newPasswordForm.php(30): CodeIgniter\View\View->endSection()
 2 SYSTEMPATH\View\View.php(213): include('APPPATH\\Views\\newPasswordForm.php')
 3 SYSTEMPATH\View\View.php(216): CodeIgniter\View\View->CodeIgniter\View\{closure}()
 4 SYSTEMPATH\Common.php(1137): CodeIgniter\View\View->render('newPasswordForm', [], true)
 5 APPPATH\Controllers\Activate_Account_Controller.php(113): view('newPasswordForm')
 6 SYSTEMPATH\CodeIgniter.php(904): App\Controllers\Activate_Account_Controller->newPasswordForm()
 7 SYSTEMPATH\CodeIgniter.php(457): CodeIgniter\CodeIgniter->runController(Object(App\Controllers\Activate_Account_Controller))
 8 SYSTEMPATH\CodeIgniter.php(340): CodeIgniter\CodeIgniter->handleRequest(null, Object(Config\Cache), false)
 9 FCPATH\index.php(67): CodeIgniter\CodeIgniter->run()
CRITICAL - 2022-10-20 03:05:11 --> View themes, no current section.
in SYSTEMPATH\View\View.php on line 392.
 1 APPPATH\Views\newPasswordForm.php(30): CodeIgniter\View\View->endSection()
 2 SYSTEMPATH\View\View.php(213): include('APPPATH\\Views\\newPasswordForm.php')
 3 SYSTEMPATH\View\View.php(216): CodeIgniter\View\View->CodeIgniter\View\{closure}()
 4 SYSTEMPATH\Common.php(1137): CodeIgniter\View\View->render('newPasswordForm', [], true)
 5 APPPATH\Controllers\Activate_Account_Controller.php(113): view('newPasswordForm')
 6 SYSTEMPATH\CodeIgniter.php(904): App\Controllers\Activate_Account_Controller->newPasswordForm()
 7 SYSTEMPATH\CodeIgniter.php(457): CodeIgniter\CodeIgniter->runController(Object(App\Controllers\Activate_Account_Controller))
 8 SYSTEMPATH\CodeIgniter.php(340): CodeIgniter\CodeIgniter->handleRequest(null, Object(Config\Cache), false)
 9 FCPATH\index.php(67): CodeIgniter\CodeIgniter->run()
CRITICAL - 2022-10-20 03:05:12 --> View themes, no current section.
in SYSTEMPATH\View\View.php on line 392.
 1 APPPATH\Views\newPasswordForm.php(30): CodeIgniter\View\View->endSection()
 2 SYSTEMPATH\View\View.php(213): include('APPPATH\\Views\\newPasswordForm.php')
 3 SYSTEMPATH\View\View.php(216): CodeIgniter\View\View->CodeIgniter\View\{closure}()
 4 SYSTEMPATH\Common.php(1137): CodeIgniter\View\View->render('newPasswordForm', [], true)
 5 APPPATH\Controllers\Activate_Account_Controller.php(113): view('newPasswordForm')
 6 SYSTEMPATH\CodeIgniter.php(904): App\Controllers\Activate_Account_Controller->newPasswordForm()
 7 SYSTEMPATH\CodeIgniter.php(457): CodeIgniter\CodeIgniter->runController(Object(App\Controllers\Activate_Account_Controller))
 8 SYSTEMPATH\CodeIgniter.php(340): CodeIgniter\CodeIgniter->handleRequest(null, Object(Config\Cache), false)
 9 FCPATH\index.php(67): CodeIgniter\CodeIgniter->run()
CRITICAL - 2022-10-20 03:05:16 --> Call to undefined function form_close()
in APPPATH\Views\newPasswordForm.php on line 88.
 1 SYSTEMPATH\View\View.php(213): include()
 2 SYSTEMPATH\View\View.php(216): CodeIgniter\View\View->CodeIgniter\View\{closure}()
 3 SYSTEMPATH\Common.php(1137): CodeIgniter\View\View->render('newPasswordForm', [], true)
 4 APPPATH\Controllers\Activate_Account_Controller.php(113): view('newPasswordForm')
 5 SYSTEMPATH\CodeIgniter.php(904): App\Controllers\Activate_Account_Controller->newPasswordForm()
 6 SYSTEMPATH\CodeIgniter.php(457): CodeIgniter\CodeIgniter->runController(Object(App\Controllers\Activate_Account_Controller))
 7 SYSTEMPATH\CodeIgniter.php(340): CodeIgniter\CodeIgniter->handleRequest(null, Object(Config\Cache), false)
 8 FCPATH\index.php(67): CodeIgniter\CodeIgniter->run()
ERROR - 2022-10-20 03:11:34 --> Email: sendWithSmtp throwed ErrorException: fgets(): SSL: An existing connection was forcibly closed by the remote host in C:\xampp\htdocs\KJ\system\Email\Email.php:2058
Stack trace:
#0 [internal function]: CodeIgniter\Debug\Exceptions->errorHandler(2, 'fgets(): SSL: A...', 'C:\\xampp\\htdocs...', 2058)
#1 C:\xampp\htdocs\KJ\system\Email\Email.php(2058): fgets(Resource id #136, 512)
#2 C:\xampp\htdocs\KJ\system\Email\Email.php(1807): CodeIgniter\Email\Email->getSMTPData()
#3 C:\xampp\htdocs\KJ\system\Email\Email.php(1654): CodeIgniter\Email\Email->sendWithSmtp()
#4 C:\xampp\htdocs\KJ\system\Email\Email.php(1552): CodeIgniter\Email\Email->spoolEmail()
#5 C:\xampp\htdocs\KJ\app\Controllers\Activate_Account_Controller.php(42): CodeIgniter\Email\Email->send()
#6 C:\xampp\htdocs\KJ\system\CodeIgniter.php(904): App\Controllers\Activate_Account_Controller->forget_Password_action()
#7 C:\xampp\htdocs\KJ\system\CodeIgniter.php(457): CodeIgniter\CodeIgniter->runController(Object(App\Controllers\Activate_Account_Controller))
#8 C:\xampp\htdocs\KJ\system\CodeIgniter.php(340): CodeIgniter\CodeIgniter->handleRequest(NULL, Object(Config\Cache), false)
#9 C:\xampp\htdocs\KJ\public\index.php(67): CodeIgniter\CodeIgniter->run()
#10 {main}
ERROR - 2022-10-20 03:11:34 --> Email: sendWithSmtp throwed ErrorException: fwrite(): SSL: An existing connection was forcibly closed by the remote host in C:\xampp\htdocs\KJ\system\Email\Email.php:2020
Stack trace:
#0 [internal function]: CodeIgniter\Debug\Exceptions->errorHandler(2, 'fwrite(): SSL: ...', 'C:\\xampp\\htdocs...', 2020)
#1 C:\xampp\htdocs\KJ\system\Email\Email.php(2020): fwrite(Resource id #136, 'QUIT\r\n')
#2 C:\xampp\htdocs\KJ\system\Email\Email.php(1930): CodeIgniter\Email\Email->sendData('QUIT\r\n')
#3 C:\xampp\htdocs\KJ\system\Email\Email.php(2148): CodeIgniter\Email\Email->sendCommand('quit')
#4 [internal function]: CodeIgniter\Email\Email->__destruct()
#5 {main}
CRITICAL - 2022-10-20 03:46:34 --> App\Models\Edit_profile_model::fetch_data(): Argument #1 ($email) must be of type string, null given, called in C:\xampp\htdocs\KJ\app\Controllers\UserDashboardController.php on line 23
in APPPATH\Models\Edit_profile_model.php on line 9.
 1 APPPATH\Controllers\UserDashboardController.php(23): App\Models\Edit_profile_model->fetch_data(null)
 2 SYSTEMPATH\CodeIgniter.php(904): App\Controllers\UserDashboardController->edit_profile()
 3 SYSTEMPATH\CodeIgniter.php(457): CodeIgniter\CodeIgniter->runController(Object(App\Controllers\UserDashboardController))
 4 SYSTEMPATH\CodeIgniter.php(340): CodeIgniter\CodeIgniter->handleRequest(null, Object(Config\Cache), false)
 5 FCPATH\index.php(67): CodeIgniter\CodeIgniter->run()
CRITICAL - 2022-10-20 03:50:05 --> App\Models\Edit_profile_model::fetch_data(): Argument #1 ($email) must be of type string, null given, called in C:\xampp\htdocs\KJ\app\Controllers\UserDashboardController.php on line 23
in APPPATH\Models\Edit_profile_model.php on line 9.
 1 APPPATH\Controllers\UserDashboardController.php(23): App\Models\Edit_profile_model->fetch_data(null)
 2 SYSTEMPATH\CodeIgniter.php(904): App\Controllers\UserDashboardController->edit_profile()
 3 SYSTEMPATH\CodeIgniter.php(457): CodeIgniter\CodeIgniter->runController(Object(App\Controllers\UserDashboardController))
 4 SYSTEMPATH\CodeIgniter.php(340): CodeIgniter\CodeIgniter->handleRequest(null, Object(Config\Cache), false)
 5 FCPATH\index.php(67): CodeIgniter\CodeIgniter->run()
CRITICAL - 2022-10-20 04:18:39 --> App\Models\Edit_profile_model::check_password(): Argument #1 ($email) must be of type string, null given, called in C:\xampp\htdocs\KJ\app\Controllers\UserDashboardController.php on line 130
in APPPATH\Models\Edit_profile_model.php on line 26.
 1 APPPATH\Controllers\UserDashboardController.php(130): App\Models\Edit_profile_model->check_password(null)
 2 SYSTEMPATH\CodeIgniter.php(904): App\Controllers\UserDashboardController->updatepassword()
 3 SYSTEMPATH\CodeIgniter.php(457): CodeIgniter\CodeIgniter->runController(Object(App\Controllers\UserDashboardController))
 4 SYSTEMPATH\CodeIgniter.php(340): CodeIgniter\CodeIgniter->handleRequest(null, Object(Config\Cache), false)
 5 FCPATH\index.php(67): CodeIgniter\CodeIgniter->run()
CRITICAL - 2022-10-20 04:21:20 --> syntax error, unexpected token "else", expecting "function" or "const"
in APPPATH\Controllers\UserDashboardController.php on line 161.
 1 SYSTEMPATH\Autoloader\Autoloader.php(259): CodeIgniter\Autoloader\Autoloader->includeFile('APPPATH\\Controllers\\UserDashboardController.php')
 2 SYSTEMPATH\Autoloader\Autoloader.php(237): CodeIgniter\Autoloader\Autoloader->loadInNamespace('App\\Controllers\\UserDashboardController')
 3 [internal function]: CodeIgniter\Autoloader\Autoloader->loadClass('App\\Controllers\\UserDashboardController')
 4 SYSTEMPATH\CodeIgniter.php(854): class_exists('\\App\\Controllers\\UserDashboardController', true)
 5 SYSTEMPATH\CodeIgniter.php(444): CodeIgniter\CodeIgniter->startController()
 6 SYSTEMPATH\CodeIgniter.php(340): CodeIgniter\CodeIgniter->handleRequest(null, Object(Config\Cache), false)
 7 FCPATH\index.php(67): CodeIgniter\CodeIgniter->run()
CRITICAL - 2022-10-20 04:21:22 --> syntax error, unexpected token "else", expecting "function" or "const"
in APPPATH\Controllers\UserDashboardController.php on line 161.
 1 SYSTEMPATH\Autoloader\Autoloader.php(259): CodeIgniter\Autoloader\Autoloader->includeFile('APPPATH\\Controllers\\UserDashboardController.php')
 2 SYSTEMPATH\Autoloader\Autoloader.php(237): CodeIgniter\Autoloader\Autoloader->loadInNamespace('App\\Controllers\\UserDashboardController')
 3 [internal function]: CodeIgniter\Autoloader\Autoloader->loadClass('App\\Controllers\\UserDashboardController')
 4 SYSTEMPATH\CodeIgniter.php(854): class_exists('\\App\\Controllers\\UserDashboardController', true)
 5 SYSTEMPATH\CodeIgniter.php(444): CodeIgniter\CodeIgniter->startController()
 6 SYSTEMPATH\CodeIgniter.php(340): CodeIgniter\CodeIgniter->handleRequest(null, Object(Config\Cache), false)
 7 FCPATH\index.php(67): CodeIgniter\CodeIgniter->run()
CRITICAL - 2022-10-20 04:21:28 --> syntax error, unexpected token "else", expecting "function" or "const"
in APPPATH\Controllers\UserDashboardController.php on line 161.
 1 SYSTEMPATH\Autoloader\Autoloader.php(259): CodeIgniter\Autoloader\Autoloader->includeFile('APPPATH\\Controllers\\UserDashboardController.php')
 2 SYSTEMPATH\Autoloader\Autoloader.php(237): CodeIgniter\Autoloader\Autoloader->loadInNamespace('App\\Controllers\\UserDashboardController')
 3 [internal function]: CodeIgniter\Autoloader\Autoloader->loadClass('App\\Controllers\\UserDashboardController')
 4 SYSTEMPATH\CodeIgniter.php(854): class_exists('\\App\\Controllers\\UserDashboardController', true)
 5 SYSTEMPATH\CodeIgniter.php(444): CodeIgniter\CodeIgniter->startController()
 6 SYSTEMPATH\CodeIgniter.php(340): CodeIgniter\CodeIgniter->handleRequest(null, Object(Config\Cache), false)
 7 FCPATH\index.php(67): CodeIgniter\CodeIgniter->run()
CRITICAL - 2022-10-20 04:25:04 --> syntax error, unexpected token "--"
in APPPATH\Controllers\UserDashboardController.php on line 224.
 1 SYSTEMPATH\Autoloader\Autoloader.php(259): CodeIgniter\Autoloader\Autoloader->includeFile('APPPATH\\Controllers\\UserDashboardController.php')
 2 SYSTEMPATH\Autoloader\Autoloader.php(237): CodeIgniter\Autoloader\Autoloader->loadInNamespace('App\\Controllers\\UserDashboardController')
 3 [internal function]: CodeIgniter\Autoloader\Autoloader->loadClass('App\\Controllers\\UserDashboardController')
 4 SYSTEMPATH\CodeIgniter.php(854): class_exists('\\App\\Controllers\\UserDashboardController', true)
 5 SYSTEMPATH\CodeIgniter.php(444): CodeIgniter\CodeIgniter->startController()
 6 SYSTEMPATH\CodeIgniter.php(340): CodeIgniter\CodeIgniter->handleRequest(null, Object(Config\Cache), false)
 7 FCPATH\index.php(67): CodeIgniter\CodeIgniter->run()
CRITICAL - 2022-10-20 04:25:22 --> App\Models\Edit_profile_model::check_password(): Argument #1 ($email) must be of type string, null given, called in C:\xampp\htdocs\KJ\app\Controllers\UserDashboardController.php on line 188
in APPPATH\Models\Edit_profile_model.php on line 26.
 1 APPPATH\Controllers\UserDashboardController.php(188): App\Models\Edit_profile_model->check_password(null)
 2 SYSTEMPATH\CodeIgniter.php(904): App\Controllers\UserDashboardController->updatepassword()
 3 SYSTEMPATH\CodeIgniter.php(457): CodeIgniter\CodeIgniter->runController(Object(App\Controllers\UserDashboardController))
 4 SYSTEMPATH\CodeIgniter.php(340): CodeIgniter\CodeIgniter->handleRequest(null, Object(Config\Cache), false)
 5 FCPATH\index.php(67): CodeIgniter\CodeIgniter->run()
