CRITICAL - 2022-10-11 22:28:37 --> View themes, no current section.
in SYSTEMPATH\View\View.php on line 392.
 1 APPPATH\Views\Manage_Users.php(14): CodeIgniter\View\View->endSection()
 2 SYSTEMPATH\View\View.php(213): include('APPPATH\\Views\\Manage_Users.php')
 3 SYSTEMPATH\View\View.php(216): CodeIgniter\View\View->CodeIgniter\View\{closure}()
 4 SYSTEMPATH\Common.php(1137): CodeIgniter\View\View->render('Manage_Users', [], true)
 5 APPPATH\Controllers\UserController.php(20): view('Manage_Users', [...])
 6 SYSTEMPATH\CodeIgniter.php(904): App\Controllers\UserController->ManageUsers()
 7 SYSTEMPATH\CodeIgniter.php(457): CodeIgniter\CodeIgniter->runController(Object(App\Controllers\UserController))
 8 SYSTEMPATH\CodeIgniter.php(340): CodeIgniter\CodeIgniter->handleRequest(null, Object(Config\Cache), false)
 9 FCPATH\index.php(67): CodeIgniter\CodeIgniter->run()
CRITICAL - 2022-10-11 22:29:02 --> View themes, no current section.
in SYSTEMPATH\View\View.php on line 392.
 1 APPPATH\Views\Manage_Users.php(14): CodeIgniter\View\View->endSection()
 2 SYSTEMPATH\View\View.php(213): include('APPPATH\\Views\\Manage_Users.php')
 3 SYSTEMPATH\View\View.php(216): CodeIgniter\View\View->CodeIgniter\View\{closure}()
 4 SYSTEMPATH\Common.php(1137): CodeIgniter\View\View->render('Manage_Users', [], true)
 5 APPPATH\Controllers\UserController.php(20): view('Manage_Users', [...])
 6 SYSTEMPATH\CodeIgniter.php(904): App\Controllers\UserController->ManageUsers()
 7 SYSTEMPATH\CodeIgniter.php(457): CodeIgniter\CodeIgniter->runController(Object(App\Controllers\UserController))
 8 SYSTEMPATH\CodeIgniter.php(340): CodeIgniter\CodeIgniter->handleRequest(null, Object(Config\Cache), false)
 9 FCPATH\index.php(67): CodeIgniter\CodeIgniter->run()
CRITICAL - 2022-10-11 22:29:03 --> View themes, no current section.
in SYSTEMPATH\View\View.php on line 392.
 1 APPPATH\Views\Manage_Users.php(14): CodeIgniter\View\View->endSection()
 2 SYSTEMPATH\View\View.php(213): include('APPPATH\\Views\\Manage_Users.php')
 3 SYSTEMPATH\View\View.php(216): CodeIgniter\View\View->CodeIgniter\View\{closure}()
 4 SYSTEMPATH\Common.php(1137): CodeIgniter\View\View->render('Manage_Users', [], true)
 5 APPPATH\Controllers\UserController.php(20): view('Manage_Users', [...])
 6 SYSTEMPATH\CodeIgniter.php(904): App\Controllers\UserController->ManageUsers()
 7 SYSTEMPATH\CodeIgniter.php(457): CodeIgniter\CodeIgniter->runController(Object(App\Controllers\UserController))
 8 SYSTEMPATH\CodeIgniter.php(340): CodeIgniter\CodeIgniter->handleRequest(null, Object(Config\Cache), false)
 9 FCPATH\index.php(67): CodeIgniter\CodeIgniter->run()
CRITICAL - 2022-10-11 22:29:04 --> View themes, no current section.
in SYSTEMPATH\View\View.php on line 392.
 1 APPPATH\Views\Manage_Users.php(14): CodeIgniter\View\View->endSection()
 2 SYSTEMPATH\View\View.php(213): include('APPPATH\\Views\\Manage_Users.php')
 3 SYSTEMPATH\View\View.php(216): CodeIgniter\View\View->CodeIgniter\View\{closure}()
 4 SYSTEMPATH\Common.php(1137): CodeIgniter\View\View->render('Manage_Users', [], true)
 5 APPPATH\Controllers\UserController.php(20): view('Manage_Users', [...])
 6 SYSTEMPATH\CodeIgniter.php(904): App\Controllers\UserController->ManageUsers()
 7 SYSTEMPATH\CodeIgniter.php(457): CodeIgniter\CodeIgniter->runController(Object(App\Controllers\UserController))
 8 SYSTEMPATH\CodeIgniter.php(340): CodeIgniter\CodeIgniter->handleRequest(null, Object(Config\Cache), false)
 9 FCPATH\index.php(67): CodeIgniter\CodeIgniter->run()
CRITICAL - 2022-10-11 22:29:04 --> View themes, no current section.
in SYSTEMPATH\View\View.php on line 392.
 1 APPPATH\Views\Manage_Users.php(14): CodeIgniter\View\View->endSection()
 2 SYSTEMPATH\View\View.php(213): include('APPPATH\\Views\\Manage_Users.php')
 3 SYSTEMPATH\View\View.php(216): CodeIgniter\View\View->CodeIgniter\View\{closure}()
 4 SYSTEMPATH\Common.php(1137): CodeIgniter\View\View->render('Manage_Users', [], true)
 5 APPPATH\Controllers\UserController.php(20): view('Manage_Users', [...])
 6 SYSTEMPATH\CodeIgniter.php(904): App\Controllers\UserController->ManageUsers()
 7 SYSTEMPATH\CodeIgniter.php(457): CodeIgniter\CodeIgniter->runController(Object(App\Controllers\UserController))
 8 SYSTEMPATH\CodeIgniter.php(340): CodeIgniter\CodeIgniter->handleRequest(null, Object(Config\Cache), false)
 9 FCPATH\index.php(67): CodeIgniter\CodeIgniter->run()
CRITICAL - 2022-10-11 22:29:04 --> View themes, no current section.
in SYSTEMPATH\View\View.php on line 392.
 1 APPPATH\Views\Manage_Users.php(14): CodeIgniter\View\View->endSection()
 2 SYSTEMPATH\View\View.php(213): include('APPPATH\\Views\\Manage_Users.php')
 3 SYSTEMPATH\View\View.php(216): CodeIgniter\View\View->CodeIgniter\View\{closure}()
 4 SYSTEMPATH\Common.php(1137): CodeIgniter\View\View->render('Manage_Users', [], true)
 5 APPPATH\Controllers\UserController.php(20): view('Manage_Users', [...])
 6 SYSTEMPATH\CodeIgniter.php(904): App\Controllers\UserController->ManageUsers()
 7 SYSTEMPATH\CodeIgniter.php(457): CodeIgniter\CodeIgniter->runController(Object(App\Controllers\UserController))
 8 SYSTEMPATH\CodeIgniter.php(340): CodeIgniter\CodeIgniter->handleRequest(null, Object(Config\Cache), false)
 9 FCPATH\index.php(67): CodeIgniter\CodeIgniter->run()
CRITICAL - 2022-10-11 22:29:04 --> View themes, no current section.
in SYSTEMPATH\View\View.php on line 392.
 1 APPPATH\Views\Manage_Users.php(14): CodeIgniter\View\View->endSection()
 2 SYSTEMPATH\View\View.php(213): include('APPPATH\\Views\\Manage_Users.php')
 3 SYSTEMPATH\View\View.php(216): CodeIgniter\View\View->CodeIgniter\View\{closure}()
 4 SYSTEMPATH\Common.php(1137): CodeIgniter\View\View->render('Manage_Users', [], true)
 5 APPPATH\Controllers\UserController.php(20): view('Manage_Users', [...])
 6 SYSTEMPATH\CodeIgniter.php(904): App\Controllers\UserController->ManageUsers()
 7 SYSTEMPATH\CodeIgniter.php(457): CodeIgniter\CodeIgniter->runController(Object(App\Controllers\UserController))
 8 SYSTEMPATH\CodeIgniter.php(340): CodeIgniter\CodeIgniter->handleRequest(null, Object(Config\Cache), false)
 9 FCPATH\index.php(67): CodeIgniter\CodeIgniter->run()
CRITICAL - 2022-10-11 22:29:21 --> Undefined array key "fullname"
in APPPATH\Views\Manage_Users.php on line 58.
 1 APPPATH\Views\Manage_Users.php(58): CodeIgniter\Debug\Exceptions->errorHandler(2, 'Undefined array key "fullname"', 'APPPATH\\Views\\Manage_Users.php', 58)
 2 SYSTEMPATH\View\View.php(213): include('APPPATH\\Views\\Manage_Users.php')
 3 SYSTEMPATH\View\View.php(216): CodeIgniter\View\View->CodeIgniter\View\{closure}()
 4 SYSTEMPATH\Common.php(1137): CodeIgniter\View\View->render('Manage_Users', [], true)
 5 APPPATH\Controllers\UserController.php(20): view('Manage_Users', [...])
 6 SYSTEMPATH\CodeIgniter.php(904): App\Controllers\UserController->ManageUsers()
 7 SYSTEMPATH\CodeIgniter.php(457): CodeIgniter\CodeIgniter->runController(Object(App\Controllers\UserController))
 8 SYSTEMPATH\CodeIgniter.php(340): CodeIgniter\CodeIgniter->handleRequest(null, Object(Config\Cache), false)
 9 FCPATH\index.php(67): CodeIgniter\CodeIgniter->run()
CRITICAL - 2022-10-11 22:29:22 --> Undefined array key "fullname"
in APPPATH\Views\Manage_Users.php on line 58.
 1 APPPATH\Views\Manage_Users.php(58): CodeIgniter\Debug\Exceptions->errorHandler(2, 'Undefined array key "fullname"', 'APPPATH\\Views\\Manage_Users.php', 58)
 2 SYSTEMPATH\View\View.php(213): include('APPPATH\\Views\\Manage_Users.php')
 3 SYSTEMPATH\View\View.php(216): CodeIgniter\View\View->CodeIgniter\View\{closure}()
 4 SYSTEMPATH\Common.php(1137): CodeIgniter\View\View->render('Manage_Users', [], true)
 5 APPPATH\Controllers\UserController.php(20): view('Manage_Users', [...])
 6 SYSTEMPATH\CodeIgniter.php(904): App\Controllers\UserController->ManageUsers()
 7 SYSTEMPATH\CodeIgniter.php(457): CodeIgniter\CodeIgniter->runController(Object(App\Controllers\UserController))
 8 SYSTEMPATH\CodeIgniter.php(340): CodeIgniter\CodeIgniter->handleRequest(null, Object(Config\Cache), false)
 9 FCPATH\index.php(67): CodeIgniter\CodeIgniter->run()
CRITICAL - 2022-10-11 22:31:13 --> Undefined array key "Mobile"
in APPPATH\Views\Manage_Users.php on line 60.
 1 APPPATH\Views\Manage_Users.php(60): CodeIgniter\Debug\Exceptions->errorHandler(2, 'Undefined array key "Mobile"', 'APPPATH\\Views\\Manage_Users.php', 60)
 2 SYSTEMPATH\View\View.php(213): include('APPPATH\\Views\\Manage_Users.php')
 3 SYSTEMPATH\View\View.php(216): CodeIgniter\View\View->CodeIgniter\View\{closure}()
 4 SYSTEMPATH\Common.php(1137): CodeIgniter\View\View->render('Manage_Users', [], true)
 5 APPPATH\Controllers\UserController.php(20): view('Manage_Users', [...])
 6 SYSTEMPATH\CodeIgniter.php(904): App\Controllers\UserController->ManageUsers()
 7 SYSTEMPATH\CodeIgniter.php(457): CodeIgniter\CodeIgniter->runController(Object(App\Controllers\UserController))
 8 SYSTEMPATH\CodeIgniter.php(340): CodeIgniter\CodeIgniter->handleRequest(null, Object(Config\Cache), false)
 9 FCPATH\index.php(67): CodeIgniter\CodeIgniter->run()
CRITICAL - 2022-10-11 22:31:14 --> Undefined array key "Mobile"
in APPPATH\Views\Manage_Users.php on line 60.
 1 APPPATH\Views\Manage_Users.php(60): CodeIgniter\Debug\Exceptions->errorHandler(2, 'Undefined array key "Mobile"', 'APPPATH\\Views\\Manage_Users.php', 60)
 2 SYSTEMPATH\View\View.php(213): include('APPPATH\\Views\\Manage_Users.php')
 3 SYSTEMPATH\View\View.php(216): CodeIgniter\View\View->CodeIgniter\View\{closure}()
 4 SYSTEMPATH\Common.php(1137): CodeIgniter\View\View->render('Manage_Users', [], true)
 5 APPPATH\Controllers\UserController.php(20): view('Manage_Users', [...])
 6 SYSTEMPATH\CodeIgniter.php(904): App\Controllers\UserController->ManageUsers()
 7 SYSTEMPATH\CodeIgniter.php(457): CodeIgniter\CodeIgniter->runController(Object(App\Controllers\UserController))
 8 SYSTEMPATH\CodeIgniter.php(340): CodeIgniter\CodeIgniter->handleRequest(null, Object(Config\Cache), false)
 9 FCPATH\index.php(67): CodeIgniter\CodeIgniter->run()
CRITICAL - 2022-10-11 23:07:43 --> Undefined variable $page_session
in APPPATH\Views\AddUser_adminView.php on line 12.
 1 APPPATH\Views\AddUser_adminView.php(12): CodeIgniter\Debug\Exceptions->errorHandler(2, 'Undefined variable $page_session', 'APPPATH\\Views\\AddUser_adminView.php', 12)
 2 SYSTEMPATH\View\View.php(213): include('APPPATH\\Views\\AddUser_adminView.php')
 3 SYSTEMPATH\View\View.php(216): CodeIgniter\View\View->CodeIgniter\View\{closure}()
 4 SYSTEMPATH\Common.php(1137): CodeIgniter\View\View->render('AddUser_adminView', [], true)
 5 APPPATH\Controllers\UserController.php(25): view('AddUser_adminView')
 6 SYSTEMPATH\CodeIgniter.php(904): App\Controllers\UserController->addUserform()
 7 SYSTEMPATH\CodeIgniter.php(457): CodeIgniter\CodeIgniter->runController(Object(App\Controllers\UserController))
 8 SYSTEMPATH\CodeIgniter.php(340): CodeIgniter\CodeIgniter->handleRequest(null, Object(Config\Cache), false)
 9 FCPATH\index.php(67): CodeIgniter\CodeIgniter->run()
