CRITICAL - 2022-11-20 01:02:12 --> Undefined variable $userdata
in APPPATH\Views\Manage_worker_details.php on line 64.
 1 APPPATH\Views\Manage_worker_details.php(64): CodeIgniter\Debug\Exceptions->errorHandler(2, 'Undefined variable $userdata', 'APPPATH\\Views\\Manage_worker_details.php', 64)
 2 SYSTEMPATH\View\View.php(213): include('APPPATH\\Views\\Manage_worker_details.php')
 3 SYSTEMPATH\View\View.php(216): CodeIgniter\View\View->CodeIgniter\View\{closure}()
 4 SYSTEMPATH\Common.php(1137): CodeIgniter\View\View->render('Manage_worker_details', [], true)
 5 APPPATH\Controllers\add_worker_Controller.php(134): view('Manage_worker_details')
 6 SYSTEMPATH\CodeIgniter.php(904): App\Controllers\add_worker_Controller->worker_details()
 7 SYSTEMPATH\CodeIgniter.php(457): CodeIgniter\CodeIgniter->runController(Object(App\Controllers\add_worker_Controller))
 8 SYSTEMPATH\CodeIgniter.php(340): CodeIgniter\CodeIgniter->handleRequest(null, Object(Config\Cache), false)
 9 FCPATH\index.php(67): CodeIgniter\CodeIgniter->run()
CRITICAL - 2022-11-20 01:03:57 --> Undefined property: App\Controllers\add_worker_Controller::$usermodel
in APPPATH\Controllers\add_worker_Controller.php on line 134.
 1 APPPATH\Controllers\add_worker_Controller.php(134): CodeIgniter\Debug\Exceptions->errorHandler(2, 'Undefined property: App\\Controllers\\add_worker_Controller::$usermodel', 'APPPATH\\Controllers\\add_worker_Controller.php', 134)
 2 SYSTEMPATH\CodeIgniter.php(904): App\Controllers\add_worker_Controller->worker_details()
 3 SYSTEMPATH\CodeIgniter.php(457): CodeIgniter\CodeIgniter->runController(Object(App\Controllers\add_worker_Controller))
 4 SYSTEMPATH\CodeIgniter.php(340): CodeIgniter\CodeIgniter->handleRequest(null, Object(Config\Cache), false)
 5 FCPATH\index.php(67): CodeIgniter\CodeIgniter->run()
CRITICAL - 2022-11-20 01:03:58 --> Undefined property: App\Controllers\add_worker_Controller::$usermodel
in APPPATH\Controllers\add_worker_Controller.php on line 134.
 1 APPPATH\Controllers\add_worker_Controller.php(134): CodeIgniter\Debug\Exceptions->errorHandler(2, 'Undefined property: App\\Controllers\\add_worker_Controller::$usermodel', 'APPPATH\\Controllers\\add_worker_Controller.php', 134)
 2 SYSTEMPATH\CodeIgniter.php(904): App\Controllers\add_worker_Controller->worker_details()
 3 SYSTEMPATH\CodeIgniter.php(457): CodeIgniter\CodeIgniter->runController(Object(App\Controllers\add_worker_Controller))
 4 SYSTEMPATH\CodeIgniter.php(340): CodeIgniter\CodeIgniter->handleRequest(null, Object(Config\Cache), false)
 5 FCPATH\index.php(67): CodeIgniter\CodeIgniter->run()
ERROR - 2022-11-20 01:36:00 --> mysqli_sql_exception: Unknown column 'email' in 'where clause' in C:\xampp\htdocs\KJ\system\Database\MySQLi\Connection.php:292
Stack trace:
#0 C:\xampp\htdocs\KJ\system\Database\MySQLi\Connection.php(292): mysqli->query('delete from add...', 0)
#1 C:\xampp\htdocs\KJ\system\Database\BaseConnection.php(693): CodeIgniter\Database\MySQLi\Connection->execute('delete from add...')
#2 C:\xampp\htdocs\KJ\system\Database\BaseConnection.php(620): CodeIgniter\Database\BaseConnection->simpleQuery('delete from add...')
#3 C:\xampp\htdocs\KJ\app\Controllers\add_worker_Controller.php(157): CodeIgniter\Database\BaseConnection->query('delete from add...')
#4 C:\xampp\htdocs\KJ\system\CodeIgniter.php(904): App\Controllers\add_worker_Controller->delete_worker()
#5 C:\xampp\htdocs\KJ\system\CodeIgniter.php(457): CodeIgniter\CodeIgniter->runController(Object(App\Controllers\add_worker_Controller))
#6 C:\xampp\htdocs\KJ\system\CodeIgniter.php(340): CodeIgniter\CodeIgniter->handleRequest(NULL, Object(Config\Cache), false)
#7 C:\xampp\htdocs\KJ\public\index.php(67): CodeIgniter\CodeIgniter->run()
#8 {main}
CRITICAL - 2022-11-20 01:36:00 --> Unknown column 'email' in 'where clause'
in SYSTEMPATH\Database\MySQLi\Connection.php on line 292.
 1 SYSTEMPATH\Database\MySQLi\Connection.php(292): mysqli->query('delete from add_product where email=\'hetvora93@gmail.com\'', 0)
 2 SYSTEMPATH\Database\BaseConnection.php(693): CodeIgniter\Database\MySQLi\Connection->execute('delete from add_product where email=\'hetvora93@gmail.com\'')
 3 SYSTEMPATH\Database\BaseConnection.php(620): CodeIgniter\Database\BaseConnection->simpleQuery('delete from add_product where email=\'hetvora93@gmail.com\'')
 4 APPPATH\Controllers\add_worker_Controller.php(157): CodeIgniter\Database\BaseConnection->query('delete from add_product where email=\'hetvora93@gmail.com\'')
 5 SYSTEMPATH\CodeIgniter.php(904): App\Controllers\add_worker_Controller->delete_worker()
 6 SYSTEMPATH\CodeIgniter.php(457): CodeIgniter\CodeIgniter->runController(Object(App\Controllers\add_worker_Controller))
 7 SYSTEMPATH\CodeIgniter.php(340): CodeIgniter\CodeIgniter->handleRequest(null, Object(Config\Cache), false)
 8 FCPATH\index.php(67): CodeIgniter\CodeIgniter->run()
