ERROR - 2022-10-17 06:47:26 --> mysqli_sql_exception: Duplicate entry 'vinit@gmail.com' for key 'PRIMARY' in C:\xampp\htdocs\KJ\system\Database\MySQLi\Connection.php:292
Stack trace:
#0 C:\xampp\htdocs\KJ\system\Database\MySQLi\Connection.php(292): mysqli->query('INSERT INTO `re...', 0)
#1 C:\xampp\htdocs\KJ\system\Database\BaseConnection.php(693): CodeIgniter\Database\MySQLi\Connection->execute('INSERT INTO `re...')
#2 C:\xampp\htdocs\KJ\system\Database\BaseConnection.php(620): CodeIgniter\Database\BaseConnection->simpleQuery('INSERT INTO `re...')
#3 C:\xampp\htdocs\KJ\system\Database\BaseBuilder.php(1916): CodeIgniter\Database\BaseConnection->query('INSERT INTO `re...', Array, false)
#4 C:\xampp\htdocs\KJ\system\Model.php(278): CodeIgniter\Database\BaseBuilder->insert()
#5 C:\xampp\htdocs\KJ\system\BaseModel.php(738): CodeIgniter\Model->doInsert(Array)
#6 C:\xampp\htdocs\KJ\system\Model.php(666): CodeIgniter\BaseModel->insert(Array, true)
#7 C:\xampp\htdocs\KJ\app\Controllers\Home.php(137): CodeIgniter\Model->insert(Array)
#8 C:\xampp\htdocs\KJ\system\CodeIgniter.php(904): App\Controllers\Home->register_ins()
#9 C:\xampp\htdocs\KJ\system\CodeIgniter.php(457): CodeIgniter\CodeIgniter->runController(Object(App\Controllers\Home))
#10 C:\xampp\htdocs\KJ\system\CodeIgniter.php(340): CodeIgniter\CodeIgniter->handleRequest(NULL, Object(Config\Cache), false)
#11 C:\xampp\htdocs\KJ\public\index.php(67): CodeIgniter\CodeIgniter->run()
#12 {main}
CRITICAL - 2022-10-17 06:47:26 --> Duplicate entry 'vinit@gmail.com' for key 'PRIMARY'
in SYSTEMPATH\Database\MySQLi\Connection.php on line 292.
 1 SYSTEMPATH\Database\MySQLi\Connection.php(292): mysqli->query('INSERT INTO `register` (`Owner_name`, `Shop_name`, `email`, `mo`, `pwd`, `status`) VALUES (\'vinit\', \'zinzuvadiya\', \'vinit@gmail.com\', \'1234567890\', \'AS!@as12\', \'Active\')', 0)
 2 SYSTEMPATH\Database\BaseConnection.php(693): CodeIgniter\Database\MySQLi\Connection->execute('INSERT INTO `register` (`Owner_name`, `Shop_name`, `email`, `mo`, `pwd`, `status`) VALUES (\'vinit\', \'zinzuvadiya\', \'vinit@gmail.com\', \'1234567890\', \'AS!@as12\', \'Active\')')
 3 SYSTEMPATH\Database\BaseConnection.php(620): CodeIgniter\Database\BaseConnection->simpleQuery('INSERT INTO `register` (`Owner_name`, `Shop_name`, `email`, `mo`, `pwd`, `status`) VALUES (\'vinit\', \'zinzuvadiya\', \'vinit@gmail.com\', \'1234567890\', \'AS!@as12\', \'Active\')')
 4 SYSTEMPATH\Database\BaseBuilder.php(1916): CodeIgniter\Database\BaseConnection->query('INSERT INTO `register` (`Owner_name`, `Shop_name`, `email`, `mo`, `pwd`, `status`) VALUES (:Owner_name:, :Shop_name:, :email:, :mo:, :pwd:, :status:)', [...], false)
 5 SYSTEMPATH\Model.php(278): CodeIgniter\Database\BaseBuilder->insert()
 6 SYSTEMPATH\BaseModel.php(738): CodeIgniter\Model->doInsert([...])
 7 SYSTEMPATH\Model.php(666): CodeIgniter\BaseModel->insert([...], true)
 8 APPPATH\Controllers\Home.php(137): CodeIgniter\Model->insert([...])
 9 SYSTEMPATH\CodeIgniter.php(904): App\Controllers\Home->register_ins()
10 SYSTEMPATH\CodeIgniter.php(457): CodeIgniter\CodeIgniter->runController(Object(App\Controllers\Home))
11 SYSTEMPATH\CodeIgniter.php(340): CodeIgniter\CodeIgniter->handleRequest(null, Object(Config\Cache), false)
12 FCPATH\index.php(67): CodeIgniter\CodeIgniter->run()
ERROR - 2022-10-17 06:47:26 --> mysqli_sql_exception: Duplicate entry 'vinit@gmail.com' for key 'PRIMARY' in C:\xampp\htdocs\KJ\system\Database\MySQLi\Connection.php:292
Stack trace:
#0 C:\xampp\htdocs\KJ\system\Database\MySQLi\Connection.php(292): mysqli->query('INSERT INTO `re...', 0)
#1 C:\xampp\htdocs\KJ\system\Database\BaseConnection.php(693): CodeIgniter\Database\MySQLi\Connection->execute('INSERT INTO `re...')
#2 C:\xampp\htdocs\KJ\system\Database\BaseConnection.php(620): CodeIgniter\Database\BaseConnection->simpleQuery('INSERT INTO `re...')
#3 C:\xampp\htdocs\KJ\system\Database\BaseBuilder.php(1916): CodeIgniter\Database\BaseConnection->query('INSERT INTO `re...', Array, false)
#4 C:\xampp\htdocs\KJ\system\Model.php(278): CodeIgniter\Database\BaseBuilder->insert()
#5 C:\xampp\htdocs\KJ\system\BaseModel.php(738): CodeIgniter\Model->doInsert(Array)
#6 C:\xampp\htdocs\KJ\system\Model.php(666): CodeIgniter\BaseModel->insert(Array, true)
#7 C:\xampp\htdocs\KJ\app\Controllers\Home.php(137): CodeIgniter\Model->insert(Array)
#8 C:\xampp\htdocs\KJ\system\CodeIgniter.php(904): App\Controllers\Home->register_ins()
#9 C:\xampp\htdocs\KJ\system\CodeIgniter.php(457): CodeIgniter\CodeIgniter->runController(Object(App\Controllers\Home))
#10 C:\xampp\htdocs\KJ\system\CodeIgniter.php(340): CodeIgniter\CodeIgniter->handleRequest(NULL, Object(Config\Cache), false)
#11 C:\xampp\htdocs\KJ\public\index.php(67): CodeIgniter\CodeIgniter->run()
#12 {main}
CRITICAL - 2022-10-17 06:47:26 --> Duplicate entry 'vinit@gmail.com' for key 'PRIMARY'
in SYSTEMPATH\Database\MySQLi\Connection.php on line 292.
 1 SYSTEMPATH\Database\MySQLi\Connection.php(292): mysqli->query('INSERT INTO `register` (`Owner_name`, `Shop_name`, `email`, `mo`, `pwd`, `status`) VALUES (\'vinit\', \'zinzuvadiya\', \'vinit@gmail.com\', \'1234567890\', \'AS!@as12\', \'Active\')', 0)
 2 SYSTEMPATH\Database\BaseConnection.php(693): CodeIgniter\Database\MySQLi\Connection->execute('INSERT INTO `register` (`Owner_name`, `Shop_name`, `email`, `mo`, `pwd`, `status`) VALUES (\'vinit\', \'zinzuvadiya\', \'vinit@gmail.com\', \'1234567890\', \'AS!@as12\', \'Active\')')
 3 SYSTEMPATH\Database\BaseConnection.php(620): CodeIgniter\Database\BaseConnection->simpleQuery('INSERT INTO `register` (`Owner_name`, `Shop_name`, `email`, `mo`, `pwd`, `status`) VALUES (\'vinit\', \'zinzuvadiya\', \'vinit@gmail.com\', \'1234567890\', \'AS!@as12\', \'Active\')')
 4 SYSTEMPATH\Database\BaseBuilder.php(1916): CodeIgniter\Database\BaseConnection->query('INSERT INTO `register` (`Owner_name`, `Shop_name`, `email`, `mo`, `pwd`, `status`) VALUES (:Owner_name:, :Shop_name:, :email:, :mo:, :pwd:, :status:)', [...], false)
 5 SYSTEMPATH\Model.php(278): CodeIgniter\Database\BaseBuilder->insert()
 6 SYSTEMPATH\BaseModel.php(738): CodeIgniter\Model->doInsert([...])
 7 SYSTEMPATH\Model.php(666): CodeIgniter\BaseModel->insert([...], true)
 8 APPPATH\Controllers\Home.php(137): CodeIgniter\Model->insert([...])
 9 SYSTEMPATH\CodeIgniter.php(904): App\Controllers\Home->register_ins()
10 SYSTEMPATH\CodeIgniter.php(457): CodeIgniter\CodeIgniter->runController(Object(App\Controllers\Home))
11 SYSTEMPATH\CodeIgniter.php(340): CodeIgniter\CodeIgniter->handleRequest(null, Object(Config\Cache), false)
12 FCPATH\index.php(67): CodeIgniter\CodeIgniter->run()
ERROR - 2022-10-17 06:49:10 --> mysqli_sql_exception: Duplicate entry 'vinit123@gmail.com' for key 'PRIMARY' in C:\xampp\htdocs\KJ\system\Database\MySQLi\Connection.php:292
Stack trace:
#0 C:\xampp\htdocs\KJ\system\Database\MySQLi\Connection.php(292): mysqli->query('INSERT INTO `re...', 0)
#1 C:\xampp\htdocs\KJ\system\Database\BaseConnection.php(693): CodeIgniter\Database\MySQLi\Connection->execute('INSERT INTO `re...')
#2 C:\xampp\htdocs\KJ\system\Database\BaseConnection.php(620): CodeIgniter\Database\BaseConnection->simpleQuery('INSERT INTO `re...')
#3 C:\xampp\htdocs\KJ\system\Database\BaseBuilder.php(1916): CodeIgniter\Database\BaseConnection->query('INSERT INTO `re...', Array, false)
#4 C:\xampp\htdocs\KJ\system\Model.php(278): CodeIgniter\Database\BaseBuilder->insert()
#5 C:\xampp\htdocs\KJ\system\BaseModel.php(738): CodeIgniter\Model->doInsert(Array)
#6 C:\xampp\htdocs\KJ\system\Model.php(666): CodeIgniter\BaseModel->insert(Array, true)
#7 C:\xampp\htdocs\KJ\app\Controllers\Home.php(137): CodeIgniter\Model->insert(Array)
#8 C:\xampp\htdocs\KJ\system\CodeIgniter.php(904): App\Controllers\Home->register_ins()
#9 C:\xampp\htdocs\KJ\system\CodeIgniter.php(457): CodeIgniter\CodeIgniter->runController(Object(App\Controllers\Home))
#10 C:\xampp\htdocs\KJ\system\CodeIgniter.php(340): CodeIgniter\CodeIgniter->handleRequest(NULL, Object(Config\Cache), false)
#11 C:\xampp\htdocs\KJ\public\index.php(67): CodeIgniter\CodeIgniter->run()
#12 {main}
CRITICAL - 2022-10-17 06:49:10 --> Duplicate entry 'vinit123@gmail.com' for key 'PRIMARY'
in SYSTEMPATH\Database\MySQLi\Connection.php on line 292.
 1 SYSTEMPATH\Database\MySQLi\Connection.php(292): mysqli->query('INSERT INTO `register` (`Owner_name`, `Shop_name`, `email`, `mo`, `pwd`, `status`) VALUES (\'vinit\', \'zinzuvadiya\', \'vinit123@gmail.com\', \'1234567890\', \'AS!@as12\', \'Active\')', 0)
 2 SYSTEMPATH\Database\BaseConnection.php(693): CodeIgniter\Database\MySQLi\Connection->execute('INSERT INTO `register` (`Owner_name`, `Shop_name`, `email`, `mo`, `pwd`, `status`) VALUES (\'vinit\', \'zinzuvadiya\', \'vinit123@gmail.com\', \'1234567890\', \'AS!@as12\', \'Active\')')
 3 SYSTEMPATH\Database\BaseConnection.php(620): CodeIgniter\Database\BaseConnection->simpleQuery('INSERT INTO `register` (`Owner_name`, `Shop_name`, `email`, `mo`, `pwd`, `status`) VALUES (\'vinit\', \'zinzuvadiya\', \'vinit123@gmail.com\', \'1234567890\', \'AS!@as12\', \'Active\')')
 4 SYSTEMPATH\Database\BaseBuilder.php(1916): CodeIgniter\Database\BaseConnection->query('INSERT INTO `register` (`Owner_name`, `Shop_name`, `email`, `mo`, `pwd`, `status`) VALUES (:Owner_name:, :Shop_name:, :email:, :mo:, :pwd:, :status:)', [...], false)
 5 SYSTEMPATH\Model.php(278): CodeIgniter\Database\BaseBuilder->insert()
 6 SYSTEMPATH\BaseModel.php(738): CodeIgniter\Model->doInsert([...])
 7 SYSTEMPATH\Model.php(666): CodeIgniter\BaseModel->insert([...], true)
 8 APPPATH\Controllers\Home.php(137): CodeIgniter\Model->insert([...])
 9 SYSTEMPATH\CodeIgniter.php(904): App\Controllers\Home->register_ins()
10 SYSTEMPATH\CodeIgniter.php(457): CodeIgniter\CodeIgniter->runController(Object(App\Controllers\Home))
11 SYSTEMPATH\CodeIgniter.php(340): CodeIgniter\CodeIgniter->handleRequest(null, Object(Config\Cache), false)
12 FCPATH\index.php(67): CodeIgniter\CodeIgniter->run()
CRITICAL - 2022-10-17 06:50:42 --> Undefined variable $userdata
in APPPATH\Views\Manage_Users.php on line 64.
 1 APPPATH\Views\Manage_Users.php(64): CodeIgniter\Debug\Exceptions->errorHandler(2, 'Undefined variable $userdata', 'APPPATH\\Views\\Manage_Users.php', 64)
 2 SYSTEMPATH\View\View.php(213): include('APPPATH\\Views\\Manage_Users.php')
 3 SYSTEMPATH\View\View.php(216): CodeIgniter\View\View->CodeIgniter\View\{closure}()
 4 SYSTEMPATH\Common.php(1137): CodeIgniter\View\View->render('Manage_users', [], true)
 5 APPPATH\Controllers\Home.php(145): view('Manage_users')
 6 SYSTEMPATH\CodeIgniter.php(904): App\Controllers\Home->register_ins()
 7 SYSTEMPATH\CodeIgniter.php(457): CodeIgniter\CodeIgniter->runController(Object(App\Controllers\Home))
 8 SYSTEMPATH\CodeIgniter.php(340): CodeIgniter\CodeIgniter->handleRequest(null, Object(Config\Cache), false)
 9 FCPATH\index.php(67): CodeIgniter\CodeIgniter->run()
ERROR - 2022-10-17 06:52:20 --> mysqli_sql_exception: Duplicate entry 'vinit@gmail.com' for key 'PRIMARY' in C:\xampp\htdocs\KJ\system\Database\MySQLi\Connection.php:292
Stack trace:
#0 C:\xampp\htdocs\KJ\system\Database\MySQLi\Connection.php(292): mysqli->query('INSERT INTO `re...', 0)
#1 C:\xampp\htdocs\KJ\system\Database\BaseConnection.php(693): CodeIgniter\Database\MySQLi\Connection->execute('INSERT INTO `re...')
#2 C:\xampp\htdocs\KJ\system\Database\BaseConnection.php(620): CodeIgniter\Database\BaseConnection->simpleQuery('INSERT INTO `re...')
#3 C:\xampp\htdocs\KJ\system\Database\BaseBuilder.php(1916): CodeIgniter\Database\BaseConnection->query('INSERT INTO `re...', Array, false)
#4 C:\xampp\htdocs\KJ\system\Model.php(278): CodeIgniter\Database\BaseBuilder->insert()
#5 C:\xampp\htdocs\KJ\system\BaseModel.php(738): CodeIgniter\Model->doInsert(Array)
#6 C:\xampp\htdocs\KJ\system\Model.php(666): CodeIgniter\BaseModel->insert(Array, true)
#7 C:\xampp\htdocs\KJ\app\Controllers\Home.php(137): CodeIgniter\Model->insert(Array)
#8 C:\xampp\htdocs\KJ\system\CodeIgniter.php(904): App\Controllers\Home->register_ins()
#9 C:\xampp\htdocs\KJ\system\CodeIgniter.php(457): CodeIgniter\CodeIgniter->runController(Object(App\Controllers\Home))
#10 C:\xampp\htdocs\KJ\system\CodeIgniter.php(340): CodeIgniter\CodeIgniter->handleRequest(NULL, Object(Config\Cache), false)
#11 C:\xampp\htdocs\KJ\public\index.php(67): CodeIgniter\CodeIgniter->run()
#12 {main}
CRITICAL - 2022-10-17 06:52:20 --> Duplicate entry 'vinit@gmail.com' for key 'PRIMARY'
in SYSTEMPATH\Database\MySQLi\Connection.php on line 292.
 1 SYSTEMPATH\Database\MySQLi\Connection.php(292): mysqli->query('INSERT INTO `register` (`Owner_name`, `Shop_name`, `email`, `mo`, `pwd`, `status`) VALUES (\'Vinit\', \'zinzuvadiya\', \'vinit@gmail.com\', \'1245678901\', \'AS!@as12\', \'Active\')', 0)
 2 SYSTEMPATH\Database\BaseConnection.php(693): CodeIgniter\Database\MySQLi\Connection->execute('INSERT INTO `register` (`Owner_name`, `Shop_name`, `email`, `mo`, `pwd`, `status`) VALUES (\'Vinit\', \'zinzuvadiya\', \'vinit@gmail.com\', \'1245678901\', \'AS!@as12\', \'Active\')')
 3 SYSTEMPATH\Database\BaseConnection.php(620): CodeIgniter\Database\BaseConnection->simpleQuery('INSERT INTO `register` (`Owner_name`, `Shop_name`, `email`, `mo`, `pwd`, `status`) VALUES (\'Vinit\', \'zinzuvadiya\', \'vinit@gmail.com\', \'1245678901\', \'AS!@as12\', \'Active\')')
 4 SYSTEMPATH\Database\BaseBuilder.php(1916): CodeIgniter\Database\BaseConnection->query('INSERT INTO `register` (`Owner_name`, `Shop_name`, `email`, `mo`, `pwd`, `status`) VALUES (:Owner_name:, :Shop_name:, :email:, :mo:, :pwd:, :status:)', [...], false)
 5 SYSTEMPATH\Model.php(278): CodeIgniter\Database\BaseBuilder->insert()
 6 SYSTEMPATH\BaseModel.php(738): CodeIgniter\Model->doInsert([...])
 7 SYSTEMPATH\Model.php(666): CodeIgniter\BaseModel->insert([...], true)
 8 APPPATH\Controllers\Home.php(137): CodeIgniter\Model->insert([...])
 9 SYSTEMPATH\CodeIgniter.php(904): App\Controllers\Home->register_ins()
10 SYSTEMPATH\CodeIgniter.php(457): CodeIgniter\CodeIgniter->runController(Object(App\Controllers\Home))
11 SYSTEMPATH\CodeIgniter.php(340): CodeIgniter\CodeIgniter->handleRequest(null, Object(Config\Cache), false)
12 FCPATH\index.php(67): CodeIgniter\CodeIgniter->run()
ERROR - 2022-10-17 06:56:29 --> mysqli_sql_exception: Duplicate entry 'vinit@gmail.com' for key 'PRIMARY' in C:\xampp\htdocs\KJ\system\Database\MySQLi\Connection.php:292
Stack trace:
#0 C:\xampp\htdocs\KJ\system\Database\MySQLi\Connection.php(292): mysqli->query('INSERT INTO `re...', 0)
#1 C:\xampp\htdocs\KJ\system\Database\BaseConnection.php(693): CodeIgniter\Database\MySQLi\Connection->execute('INSERT INTO `re...')
#2 C:\xampp\htdocs\KJ\system\Database\BaseConnection.php(620): CodeIgniter\Database\BaseConnection->simpleQuery('INSERT INTO `re...')
#3 C:\xampp\htdocs\KJ\system\Database\BaseBuilder.php(1916): CodeIgniter\Database\BaseConnection->query('INSERT INTO `re...', Array, false)
#4 C:\xampp\htdocs\KJ\system\Model.php(278): CodeIgniter\Database\BaseBuilder->insert()
#5 C:\xampp\htdocs\KJ\system\BaseModel.php(738): CodeIgniter\Model->doInsert(Array)
#6 C:\xampp\htdocs\KJ\system\Model.php(666): CodeIgniter\BaseModel->insert(Array, true)
#7 C:\xampp\htdocs\KJ\app\Controllers\Home.php(137): CodeIgniter\Model->insert(Array)
#8 C:\xampp\htdocs\KJ\system\CodeIgniter.php(904): App\Controllers\Home->register_ins()
#9 C:\xampp\htdocs\KJ\system\CodeIgniter.php(457): CodeIgniter\CodeIgniter->runController(Object(App\Controllers\Home))
#10 C:\xampp\htdocs\KJ\system\CodeIgniter.php(340): CodeIgniter\CodeIgniter->handleRequest(NULL, Object(Config\Cache), false)
#11 C:\xampp\htdocs\KJ\public\index.php(67): CodeIgniter\CodeIgniter->run()
#12 {main}
CRITICAL - 2022-10-17 06:56:29 --> Duplicate entry 'vinit@gmail.com' for key 'PRIMARY'
in SYSTEMPATH\Database\MySQLi\Connection.php on line 292.
 1 SYSTEMPATH\Database\MySQLi\Connection.php(292): mysqli->query('INSERT INTO `register` (`Owner_name`, `Shop_name`, `email`, `mo`, `pwd`, `status`) VALUES (\'Vinit\', \'zinzuvadiya\', \'vinit@gmail.com\', \'1234567890\', \'AS!@as12\', \'Active\')', 0)
 2 SYSTEMPATH\Database\BaseConnection.php(693): CodeIgniter\Database\MySQLi\Connection->execute('INSERT INTO `register` (`Owner_name`, `Shop_name`, `email`, `mo`, `pwd`, `status`) VALUES (\'Vinit\', \'zinzuvadiya\', \'vinit@gmail.com\', \'1234567890\', \'AS!@as12\', \'Active\')')
 3 SYSTEMPATH\Database\BaseConnection.php(620): CodeIgniter\Database\BaseConnection->simpleQuery('INSERT INTO `register` (`Owner_name`, `Shop_name`, `email`, `mo`, `pwd`, `status`) VALUES (\'Vinit\', \'zinzuvadiya\', \'vinit@gmail.com\', \'1234567890\', \'AS!@as12\', \'Active\')')
 4 SYSTEMPATH\Database\BaseBuilder.php(1916): CodeIgniter\Database\BaseConnection->query('INSERT INTO `register` (`Owner_name`, `Shop_name`, `email`, `mo`, `pwd`, `status`) VALUES (:Owner_name:, :Shop_name:, :email:, :mo:, :pwd:, :status:)', [...], false)
 5 SYSTEMPATH\Model.php(278): CodeIgniter\Database\BaseBuilder->insert()
 6 SYSTEMPATH\BaseModel.php(738): CodeIgniter\Model->doInsert([...])
 7 SYSTEMPATH\Model.php(666): CodeIgniter\BaseModel->insert([...], true)
 8 APPPATH\Controllers\Home.php(137): CodeIgniter\Model->insert([...])
 9 SYSTEMPATH\CodeIgniter.php(904): App\Controllers\Home->register_ins()
10 SYSTEMPATH\CodeIgniter.php(457): CodeIgniter\CodeIgniter->runController(Object(App\Controllers\Home))
11 SYSTEMPATH\CodeIgniter.php(340): CodeIgniter\CodeIgniter->handleRequest(null, Object(Config\Cache), false)
12 FCPATH\index.php(67): CodeIgniter\CodeIgniter->run()
CRITICAL - 2022-10-17 06:56:43 --> Invalid file: .php
in SYSTEMPATH\Exceptions\FrameworkException.php on line 33.
 1 SYSTEMPATH\View\View.php(201): CodeIgniter\Exceptions\FrameworkException::forInvalidFile('.php')
 2 SYSTEMPATH\Common.php(1137): CodeIgniter\View\View->render('ROOTPATH\\public', [], true)
 3 APPPATH\Controllers\Home.php(145): view('ROOTPATH\\public')
 4 SYSTEMPATH\CodeIgniter.php(904): App\Controllers\Home->register_ins()
 5 SYSTEMPATH\CodeIgniter.php(457): CodeIgniter\CodeIgniter->runController(Object(App\Controllers\Home))
 6 SYSTEMPATH\CodeIgniter.php(340): CodeIgniter\CodeIgniter->handleRequest(null, Object(Config\Cache), false)
 7 FCPATH\index.php(67): CodeIgniter\CodeIgniter->run()
CRITICAL - 2022-10-17 06:57:42 --> Undefined variable $userdata
in APPPATH\Views\Manage_Users.php on line 64.
 1 APPPATH\Views\Manage_Users.php(64): CodeIgniter\Debug\Exceptions->errorHandler(2, 'Undefined variable $userdata', 'APPPATH\\Views\\Manage_Users.php', 64)
 2 SYSTEMPATH\View\View.php(213): include('APPPATH\\Views\\Manage_Users.php')
 3 SYSTEMPATH\View\View.php(216): CodeIgniter\View\View->CodeIgniter\View\{closure}()
 4 SYSTEMPATH\Common.php(1137): CodeIgniter\View\View->render('Manage_users', [], true)
 5 APPPATH\Controllers\Home.php(147): view('Manage_users')
 6 SYSTEMPATH\CodeIgniter.php(904): App\Controllers\Home->register_ins()
 7 SYSTEMPATH\CodeIgniter.php(457): CodeIgniter\CodeIgniter->runController(Object(App\Controllers\Home))
 8 SYSTEMPATH\CodeIgniter.php(340): CodeIgniter\CodeIgniter->handleRequest(null, Object(Config\Cache), false)
 9 FCPATH\index.php(67): CodeIgniter\CodeIgniter->run()
ERROR - 2022-10-17 06:58:09 --> mysqli_sql_exception: Duplicate entry 'rajraj@gmail.com' for key 'PRIMARY' in C:\xampp\htdocs\KJ\system\Database\MySQLi\Connection.php:292
Stack trace:
#0 C:\xampp\htdocs\KJ\system\Database\MySQLi\Connection.php(292): mysqli->query('INSERT INTO `re...', 0)
#1 C:\xampp\htdocs\KJ\system\Database\BaseConnection.php(693): CodeIgniter\Database\MySQLi\Connection->execute('INSERT INTO `re...')
#2 C:\xampp\htdocs\KJ\system\Database\BaseConnection.php(620): CodeIgniter\Database\BaseConnection->simpleQuery('INSERT INTO `re...')
#3 C:\xampp\htdocs\KJ\system\Database\BaseBuilder.php(1916): CodeIgniter\Database\BaseConnection->query('INSERT INTO `re...', Array, false)
#4 C:\xampp\htdocs\KJ\system\Model.php(278): CodeIgniter\Database\BaseBuilder->insert()
#5 C:\xampp\htdocs\KJ\system\BaseModel.php(738): CodeIgniter\Model->doInsert(Array)
#6 C:\xampp\htdocs\KJ\system\Model.php(666): CodeIgniter\BaseModel->insert(Array, true)
#7 C:\xampp\htdocs\KJ\app\Controllers\Home.php(137): CodeIgniter\Model->insert(Array)
#8 C:\xampp\htdocs\KJ\system\CodeIgniter.php(904): App\Controllers\Home->register_ins()
#9 C:\xampp\htdocs\KJ\system\CodeIgniter.php(457): CodeIgniter\CodeIgniter->runController(Object(App\Controllers\Home))
#10 C:\xampp\htdocs\KJ\system\CodeIgniter.php(340): CodeIgniter\CodeIgniter->handleRequest(NULL, Object(Config\Cache), false)
#11 C:\xampp\htdocs\KJ\public\index.php(67): CodeIgniter\CodeIgniter->run()
#12 {main}
CRITICAL - 2022-10-17 06:58:09 --> Duplicate entry 'rajraj@gmail.com' for key 'PRIMARY'
in SYSTEMPATH\Database\MySQLi\Connection.php on line 292.
 1 SYSTEMPATH\Database\MySQLi\Connection.php(292): mysqli->query('INSERT INTO `register` (`Owner_name`, `Shop_name`, `email`, `mo`, `pwd`, `status`) VALUES (\'Vinit\', \'parmeshwari jewellers\', \'rajraj@gmail.com\', \'1234567890\', \'AS!@as12\', \'Active\')', 0)
 2 SYSTEMPATH\Database\BaseConnection.php(693): CodeIgniter\Database\MySQLi\Connection->execute('INSERT INTO `register` (`Owner_name`, `Shop_name`, `email`, `mo`, `pwd`, `status`) VALUES (\'Vinit\', \'parmeshwari jewellers\', \'rajraj@gmail.com\', \'1234567890\', \'AS!@as12\', \'Active\')')
 3 SYSTEMPATH\Database\BaseConnection.php(620): CodeIgniter\Database\BaseConnection->simpleQuery('INSERT INTO `register` (`Owner_name`, `Shop_name`, `email`, `mo`, `pwd`, `status`) VALUES (\'Vinit\', \'parmeshwari jewellers\', \'rajraj@gmail.com\', \'1234567890\', \'AS!@as12\', \'Active\')')
 4 SYSTEMPATH\Database\BaseBuilder.php(1916): CodeIgniter\Database\BaseConnection->query('INSERT INTO `register` (`Owner_name`, `Shop_name`, `email`, `mo`, `pwd`, `status`) VALUES (:Owner_name:, :Shop_name:, :email:, :mo:, :pwd:, :status:)', [...], false)
 5 SYSTEMPATH\Model.php(278): CodeIgniter\Database\BaseBuilder->insert()
 6 SYSTEMPATH\BaseModel.php(738): CodeIgniter\Model->doInsert([...])
 7 SYSTEMPATH\Model.php(666): CodeIgniter\BaseModel->insert([...], true)
 8 APPPATH\Controllers\Home.php(137): CodeIgniter\Model->insert([...])
 9 SYSTEMPATH\CodeIgniter.php(904): App\Controllers\Home->register_ins()
10 SYSTEMPATH\CodeIgniter.php(457): CodeIgniter\CodeIgniter->runController(Object(App\Controllers\Home))
11 SYSTEMPATH\CodeIgniter.php(340): CodeIgniter\CodeIgniter->handleRequest(null, Object(Config\Cache), false)
12 FCPATH\index.php(67): CodeIgniter\CodeIgniter->run()
ERROR - 2022-10-17 06:58:21 --> mysqli_sql_exception: Duplicate entry 'rajraj@gmail.com' for key 'PRIMARY' in C:\xampp\htdocs\KJ\system\Database\MySQLi\Connection.php:292
Stack trace:
#0 C:\xampp\htdocs\KJ\system\Database\MySQLi\Connection.php(292): mysqli->query('INSERT INTO `re...', 0)
#1 C:\xampp\htdocs\KJ\system\Database\BaseConnection.php(693): CodeIgniter\Database\MySQLi\Connection->execute('INSERT INTO `re...')
#2 C:\xampp\htdocs\KJ\system\Database\BaseConnection.php(620): CodeIgniter\Database\BaseConnection->simpleQuery('INSERT INTO `re...')
#3 C:\xampp\htdocs\KJ\system\Database\BaseBuilder.php(1916): CodeIgniter\Database\BaseConnection->query('INSERT INTO `re...', Array, false)
#4 C:\xampp\htdocs\KJ\system\Model.php(278): CodeIgniter\Database\BaseBuilder->insert()
#5 C:\xampp\htdocs\KJ\system\BaseModel.php(738): CodeIgniter\Model->doInsert(Array)
#6 C:\xampp\htdocs\KJ\system\Model.php(666): CodeIgniter\BaseModel->insert(Array, true)
#7 C:\xampp\htdocs\KJ\app\Controllers\Home.php(137): CodeIgniter\Model->insert(Array)
#8 C:\xampp\htdocs\KJ\system\CodeIgniter.php(904): App\Controllers\Home->register_ins()
#9 C:\xampp\htdocs\KJ\system\CodeIgniter.php(457): CodeIgniter\CodeIgniter->runController(Object(App\Controllers\Home))
#10 C:\xampp\htdocs\KJ\system\CodeIgniter.php(340): CodeIgniter\CodeIgniter->handleRequest(NULL, Object(Config\Cache), false)
#11 C:\xampp\htdocs\KJ\public\index.php(67): CodeIgniter\CodeIgniter->run()
#12 {main}
CRITICAL - 2022-10-17 06:58:21 --> Duplicate entry 'rajraj@gmail.com' for key 'PRIMARY'
in SYSTEMPATH\Database\MySQLi\Connection.php on line 292.
 1 SYSTEMPATH\Database\MySQLi\Connection.php(292): mysqli->query('INSERT INTO `register` (`Owner_name`, `Shop_name`, `email`, `mo`, `pwd`, `status`) VALUES (\'Vinit\', \'parmeshwari jewellers\', \'rajraj@gmail.com\', \'1234567890\', \'AS!@as12\', \'Active\')', 0)
 2 SYSTEMPATH\Database\BaseConnection.php(693): CodeIgniter\Database\MySQLi\Connection->execute('INSERT INTO `register` (`Owner_name`, `Shop_name`, `email`, `mo`, `pwd`, `status`) VALUES (\'Vinit\', \'parmeshwari jewellers\', \'rajraj@gmail.com\', \'1234567890\', \'AS!@as12\', \'Active\')')
 3 SYSTEMPATH\Database\BaseConnection.php(620): CodeIgniter\Database\BaseConnection->simpleQuery('INSERT INTO `register` (`Owner_name`, `Shop_name`, `email`, `mo`, `pwd`, `status`) VALUES (\'Vinit\', \'parmeshwari jewellers\', \'rajraj@gmail.com\', \'1234567890\', \'AS!@as12\', \'Active\')')
 4 SYSTEMPATH\Database\BaseBuilder.php(1916): CodeIgniter\Database\BaseConnection->query('INSERT INTO `register` (`Owner_name`, `Shop_name`, `email`, `mo`, `pwd`, `status`) VALUES (:Owner_name:, :Shop_name:, :email:, :mo:, :pwd:, :status:)', [...], false)
 5 SYSTEMPATH\Model.php(278): CodeIgniter\Database\BaseBuilder->insert()
 6 SYSTEMPATH\BaseModel.php(738): CodeIgniter\Model->doInsert([...])
 7 SYSTEMPATH\Model.php(666): CodeIgniter\BaseModel->insert([...], true)
 8 APPPATH\Controllers\Home.php(137): CodeIgniter\Model->insert([...])
 9 SYSTEMPATH\CodeIgniter.php(904): App\Controllers\Home->register_ins()
10 SYSTEMPATH\CodeIgniter.php(457): CodeIgniter\CodeIgniter->runController(Object(App\Controllers\Home))
11 SYSTEMPATH\CodeIgniter.php(340): CodeIgniter\CodeIgniter->handleRequest(null, Object(Config\Cache), false)
12 FCPATH\index.php(67): CodeIgniter\CodeIgniter->run()
CRITICAL - 2022-10-17 07:06:26 --> Undefined variable $page_session
in APPPATH\Views\Edit_user_view.php on line 14.
 1 APPPATH\Views\Edit_user_view.php(14): CodeIgniter\Debug\Exceptions->errorHandler(2, 'Undefined variable $page_session', 'APPPATH\\Views\\Edit_user_view.php', 14)
 2 SYSTEMPATH\View\View.php(213): include('APPPATH\\Views\\Edit_user_view.php')
 3 SYSTEMPATH\View\View.php(216): CodeIgniter\View\View->CodeIgniter\View\{closure}()
 4 SYSTEMPATH\Common.php(1137): CodeIgniter\View\View->render('Edit_user_view', [], true)
 5 APPPATH\Controllers\UserController.php(52): view('Edit_user_view', [...])
 6 SYSTEMPATH\CodeIgniter.php(904): App\Controllers\UserController->EditUserForm()
 7 SYSTEMPATH\CodeIgniter.php(457): CodeIgniter\CodeIgniter->runController(Object(App\Controllers\UserController))
 8 SYSTEMPATH\CodeIgniter.php(340): CodeIgniter\CodeIgniter->handleRequest(null, Object(Config\Cache), false)
 9 FCPATH\index.php(67): CodeIgniter\CodeIgniter->run()
CRITICAL - 2022-10-17 07:07:09 --> Undefined array key "fullname"
in APPPATH\Views\Edit_user_view.php on line 24.
 1 APPPATH\Views\Edit_user_view.php(24): CodeIgniter\Debug\Exceptions->errorHandler(2, 'Undefined array key "fullname"', 'APPPATH\\Views\\Edit_user_view.php', 24)
 2 SYSTEMPATH\View\View.php(213): include('APPPATH\\Views\\Edit_user_view.php')
 3 SYSTEMPATH\View\View.php(216): CodeIgniter\View\View->CodeIgniter\View\{closure}()
 4 SYSTEMPATH\Common.php(1137): CodeIgniter\View\View->render('Edit_user_view', [], true)
 5 APPPATH\Controllers\UserController.php(52): view('Edit_user_view', [...])
 6 SYSTEMPATH\CodeIgniter.php(904): App\Controllers\UserController->EditUserForm()
 7 SYSTEMPATH\CodeIgniter.php(457): CodeIgniter\CodeIgniter->runController(Object(App\Controllers\UserController))
 8 SYSTEMPATH\CodeIgniter.php(340): CodeIgniter\CodeIgniter->handleRequest(null, Object(Config\Cache), false)
 9 FCPATH\index.php(67): CodeIgniter\CodeIgniter->run()
CRITICAL - 2022-10-17 07:17:33 --> Cannot use empty array elements in arrays
in APPPATH\Controllers\UserController.php on line 69.
 1 [internal function]: CodeIgniter\Debug\Exceptions->shutdownHandler()
CRITICAL - 2022-10-17 07:17:34 --> Cannot use empty array elements in arrays
in APPPATH\Controllers\UserController.php on line 69.
 1 [internal function]: CodeIgniter\Debug\Exceptions->shutdownHandler()
CRITICAL - 2022-10-17 07:17:54 --> Cannot use empty array elements in arrays
in APPPATH\Controllers\UserController.php on line 69.
 1 [internal function]: CodeIgniter\Debug\Exceptions->shutdownHandler()
