ERROR - 2022-11-19 07:54:15 --> mysqli_sql_exception: You have an error in your SQL syntax; check the manual that corresponds to your MariaDB server version for the right syntax to use near '12 . ,netwhight= . 13 .  where p_id= . 4 .' at line 1 in C:\xampp\htdocs\KJ\system\Database\MySQLi\Connection.php:292
Stack trace:
#0 C:\xampp\htdocs\KJ\system\Database\MySQLi\Connection.php(292): mysqli->query('update add_prod...', 0)
#1 C:\xampp\htdocs\KJ\system\Database\BaseConnection.php(693): CodeIgniter\Database\MySQLi\Connection->execute('update add_prod...')
#2 C:\xampp\htdocs\KJ\system\Database\BaseConnection.php(620): CodeIgniter\Database\BaseConnection->simpleQuery('update add_prod...')
#3 C:\xampp\htdocs\KJ\app\Models\Edit_product_model.php(22): CodeIgniter\Database\BaseConnection->query('update add_prod...')
#4 C:\xampp\htdocs\KJ\app\Controllers\add_product_Controller.php(202): App\Models\Edit_product_model->update_data('12', '13', '4')
#5 C:\xampp\htdocs\KJ\system\CodeIgniter.php(904): App\Controllers\add_product_Controller->editProduct()
#6 C:\xampp\htdocs\KJ\system\CodeIgniter.php(457): CodeIgniter\CodeIgniter->runController(Object(App\Controllers\add_product_Controller))
#7 C:\xampp\htdocs\KJ\system\CodeIgniter.php(340): CodeIgniter\CodeIgniter->handleRequest(NULL, Object(Config\Cache), false)
#8 C:\xampp\htdocs\KJ\public\index.php(67): CodeIgniter\CodeIgniter->run()
#9 {main}
CRITICAL - 2022-11-19 07:54:15 --> You have an error in your SQL syntax; check the manual that corresponds to your MariaDB server version for the right syntax to use near '12 . ,netwhight= . 13 .  where p_id= . 4 .' at line 1
in SYSTEMPATH\Database\MySQLi\Connection.php on line 292.
 1 SYSTEMPATH\Database\MySQLi\Connection.php(292): mysqli->query('update add_product set whight= . 12 . ,netwhight= . 13 .  where p_id= . 4 . ', 0)
 2 SYSTEMPATH\Database\BaseConnection.php(693): CodeIgniter\Database\MySQLi\Connection->execute('update add_product set whight= . 12 . ,netwhight= . 13 .  where p_id= . 4 . ')
 3 SYSTEMPATH\Database\BaseConnection.php(620): CodeIgniter\Database\BaseConnection->simpleQuery('update add_product set whight= . 12 . ,netwhight= . 13 .  where p_id= . 4 . ')
 4 APPPATH\Models\Edit_product_model.php(22): CodeIgniter\Database\BaseConnection->query('update add_product set whight= . 12 . ,netwhight= . 13 .  where p_id= . 4 . ')
 5 APPPATH\Controllers\add_product_Controller.php(202): App\Models\Edit_product_model->update_data('12', '13', '4')
 6 SYSTEMPATH\CodeIgniter.php(904): App\Controllers\add_product_Controller->editProduct()
 7 SYSTEMPATH\CodeIgniter.php(457): CodeIgniter\CodeIgniter->runController(Object(App\Controllers\add_product_Controller))
 8 SYSTEMPATH\CodeIgniter.php(340): CodeIgniter\CodeIgniter->handleRequest(null, Object(Config\Cache), false)
 9 FCPATH\index.php(67): CodeIgniter\CodeIgniter->run()
ERROR - 2022-11-19 07:55:18 --> mysqli_sql_exception: You have an error in your SQL syntax; check the manual that corresponds to your MariaDB server version for the right syntax to use near '15 . ,netwhight= . 10 .  where p_id= . 4 .' at line 1 in C:\xampp\htdocs\KJ\system\Database\MySQLi\Connection.php:292
Stack trace:
#0 C:\xampp\htdocs\KJ\system\Database\MySQLi\Connection.php(292): mysqli->query('update add_prod...', 0)
#1 C:\xampp\htdocs\KJ\system\Database\BaseConnection.php(693): CodeIgniter\Database\MySQLi\Connection->execute('update add_prod...')
#2 C:\xampp\htdocs\KJ\system\Database\BaseConnection.php(620): CodeIgniter\Database\BaseConnection->simpleQuery('update add_prod...')
#3 C:\xampp\htdocs\KJ\app\Models\Edit_product_model.php(22): CodeIgniter\Database\BaseConnection->query('update add_prod...')
#4 C:\xampp\htdocs\KJ\app\Controllers\add_product_Controller.php(202): App\Models\Edit_product_model->update_data('15', '10', '4')
#5 C:\xampp\htdocs\KJ\system\CodeIgniter.php(904): App\Controllers\add_product_Controller->editProduct()
#6 C:\xampp\htdocs\KJ\system\CodeIgniter.php(457): CodeIgniter\CodeIgniter->runController(Object(App\Controllers\add_product_Controller))
#7 C:\xampp\htdocs\KJ\system\CodeIgniter.php(340): CodeIgniter\CodeIgniter->handleRequest(NULL, Object(Config\Cache), false)
#8 C:\xampp\htdocs\KJ\public\index.php(67): CodeIgniter\CodeIgniter->run()
#9 {main}
CRITICAL - 2022-11-19 07:55:18 --> You have an error in your SQL syntax; check the manual that corresponds to your MariaDB server version for the right syntax to use near '15 . ,netwhight= . 10 .  where p_id= . 4 .' at line 1
in SYSTEMPATH\Database\MySQLi\Connection.php on line 292.
 1 SYSTEMPATH\Database\MySQLi\Connection.php(292): mysqli->query('update add_product set whight= . 15 . ,netwhight= . 10 .  where p_id= . 4 . ', 0)
 2 SYSTEMPATH\Database\BaseConnection.php(693): CodeIgniter\Database\MySQLi\Connection->execute('update add_product set whight= . 15 . ,netwhight= . 10 .  where p_id= . 4 . ')
 3 SYSTEMPATH\Database\BaseConnection.php(620): CodeIgniter\Database\BaseConnection->simpleQuery('update add_product set whight= . 15 . ,netwhight= . 10 .  where p_id= . 4 . ')
 4 APPPATH\Models\Edit_product_model.php(22): CodeIgniter\Database\BaseConnection->query('update add_product set whight= . 15 . ,netwhight= . 10 .  where p_id= . 4 . ')
 5 APPPATH\Controllers\add_product_Controller.php(202): App\Models\Edit_product_model->update_data('15', '10', '4')
 6 SYSTEMPATH\CodeIgniter.php(904): App\Controllers\add_product_Controller->editProduct()
 7 SYSTEMPATH\CodeIgniter.php(457): CodeIgniter\CodeIgniter->runController(Object(App\Controllers\add_product_Controller))
 8 SYSTEMPATH\CodeIgniter.php(340): CodeIgniter\CodeIgniter->handleRequest(null, Object(Config\Cache), false)
 9 FCPATH\index.php(67): CodeIgniter\CodeIgniter->run()
ERROR - 2022-11-19 07:57:57 --> mysqli_sql_exception: You have an error in your SQL syntax; check the manual that corresponds to your MariaDB server version for the right syntax to use near '15 . ,netwhight= . 4 .  where p_id= . 13 .' at line 1 in C:\xampp\htdocs\KJ\system\Database\MySQLi\Connection.php:292
Stack trace:
#0 C:\xampp\htdocs\KJ\system\Database\MySQLi\Connection.php(292): mysqli->query('update add_prod...', 0)
#1 C:\xampp\htdocs\KJ\system\Database\BaseConnection.php(693): CodeIgniter\Database\MySQLi\Connection->execute('update add_prod...')
#2 C:\xampp\htdocs\KJ\system\Database\BaseConnection.php(620): CodeIgniter\Database\BaseConnection->simpleQuery('update add_prod...')
#3 C:\xampp\htdocs\KJ\app\Models\Edit_product_model.php(22): CodeIgniter\Database\BaseConnection->query('update add_prod...')
#4 C:\xampp\htdocs\KJ\app\Controllers\add_product_Controller.php(202): App\Models\Edit_product_model->update_data('15', '13', '4')
#5 C:\xampp\htdocs\KJ\system\CodeIgniter.php(904): App\Controllers\add_product_Controller->editProduct()
#6 C:\xampp\htdocs\KJ\system\CodeIgniter.php(457): CodeIgniter\CodeIgniter->runController(Object(App\Controllers\add_product_Controller))
#7 C:\xampp\htdocs\KJ\system\CodeIgniter.php(340): CodeIgniter\CodeIgniter->handleRequest(NULL, Object(Config\Cache), false)
#8 C:\xampp\htdocs\KJ\public\index.php(67): CodeIgniter\CodeIgniter->run()
#9 {main}
CRITICAL - 2022-11-19 07:57:57 --> You have an error in your SQL syntax; check the manual that corresponds to your MariaDB server version for the right syntax to use near '15 . ,netwhight= . 4 .  where p_id= . 13 .' at line 1
in SYSTEMPATH\Database\MySQLi\Connection.php on line 292.
 1 SYSTEMPATH\Database\MySQLi\Connection.php(292): mysqli->query('update add_product set whight= . 15 . ,netwhight= . 4 .  where p_id= . 13 . ', 0)
 2 SYSTEMPATH\Database\BaseConnection.php(693): CodeIgniter\Database\MySQLi\Connection->execute('update add_product set whight= . 15 . ,netwhight= . 4 .  where p_id= . 13 . ')
 3 SYSTEMPATH\Database\BaseConnection.php(620): CodeIgniter\Database\BaseConnection->simpleQuery('update add_product set whight= . 15 . ,netwhight= . 4 .  where p_id= . 13 . ')
 4 APPPATH\Models\Edit_product_model.php(22): CodeIgniter\Database\BaseConnection->query('update add_product set whight= . 15 . ,netwhight= . 4 .  where p_id= . 13 . ')
 5 APPPATH\Controllers\add_product_Controller.php(202): App\Models\Edit_product_model->update_data('15', '13', '4')
 6 SYSTEMPATH\CodeIgniter.php(904): App\Controllers\add_product_Controller->editProduct()
 7 SYSTEMPATH\CodeIgniter.php(457): CodeIgniter\CodeIgniter->runController(Object(App\Controllers\add_product_Controller))
 8 SYSTEMPATH\CodeIgniter.php(340): CodeIgniter\CodeIgniter->handleRequest(null, Object(Config\Cache), false)
 9 FCPATH\index.php(67): CodeIgniter\CodeIgniter->run()
ERROR - 2022-11-19 07:58:13 --> mysqli_sql_exception: You have an error in your SQL syntax; check the manual that corresponds to your MariaDB server version for the right syntax to use near '15 . ,netwhight= . 13 .  where p_id= . 4 .' at line 1 in C:\xampp\htdocs\KJ\system\Database\MySQLi\Connection.php:292
Stack trace:
#0 C:\xampp\htdocs\KJ\system\Database\MySQLi\Connection.php(292): mysqli->query('update add_prod...', 0)
#1 C:\xampp\htdocs\KJ\system\Database\BaseConnection.php(693): CodeIgniter\Database\MySQLi\Connection->execute('update add_prod...')
#2 C:\xampp\htdocs\KJ\system\Database\BaseConnection.php(620): CodeIgniter\Database\BaseConnection->simpleQuery('update add_prod...')
#3 C:\xampp\htdocs\KJ\app\Models\Edit_product_model.php(22): CodeIgniter\Database\BaseConnection->query('update add_prod...')
#4 C:\xampp\htdocs\KJ\app\Controllers\add_product_Controller.php(202): App\Models\Edit_product_model->update_data('15', '13', '4')
#5 C:\xampp\htdocs\KJ\system\CodeIgniter.php(904): App\Controllers\add_product_Controller->editProduct()
#6 C:\xampp\htdocs\KJ\system\CodeIgniter.php(457): CodeIgniter\CodeIgniter->runController(Object(App\Controllers\add_product_Controller))
#7 C:\xampp\htdocs\KJ\system\CodeIgniter.php(340): CodeIgniter\CodeIgniter->handleRequest(NULL, Object(Config\Cache), false)
#8 C:\xampp\htdocs\KJ\public\index.php(67): CodeIgniter\CodeIgniter->run()
#9 {main}
CRITICAL - 2022-11-19 07:58:13 --> You have an error in your SQL syntax; check the manual that corresponds to your MariaDB server version for the right syntax to use near '15 . ,netwhight= . 13 .  where p_id= . 4 .' at line 1
in SYSTEMPATH\Database\MySQLi\Connection.php on line 292.
 1 SYSTEMPATH\Database\MySQLi\Connection.php(292): mysqli->query('update add_product set whight . 15 . ,netwhight= . 13 .  where p_id= . 4 . ', 0)
 2 SYSTEMPATH\Database\BaseConnection.php(693): CodeIgniter\Database\MySQLi\Connection->execute('update add_product set whight . 15 . ,netwhight= . 13 .  where p_id= . 4 . ')
 3 SYSTEMPATH\Database\BaseConnection.php(620): CodeIgniter\Database\BaseConnection->simpleQuery('update add_product set whight . 15 . ,netwhight= . 13 .  where p_id= . 4 . ')
 4 APPPATH\Models\Edit_product_model.php(22): CodeIgniter\Database\BaseConnection->query('update add_product set whight . 15 . ,netwhight= . 13 .  where p_id= . 4 . ')
 5 APPPATH\Controllers\add_product_Controller.php(202): App\Models\Edit_product_model->update_data('15', '13', '4')
 6 SYSTEMPATH\CodeIgniter.php(904): App\Controllers\add_product_Controller->editProduct()
 7 SYSTEMPATH\CodeIgniter.php(457): CodeIgniter\CodeIgniter->runController(Object(App\Controllers\add_product_Controller))
 8 SYSTEMPATH\CodeIgniter.php(340): CodeIgniter\CodeIgniter->handleRequest(null, Object(Config\Cache), false)
 9 FCPATH\index.php(67): CodeIgniter\CodeIgniter->run()
ERROR - 2022-11-19 07:58:16 --> mysqli_sql_exception: You have an error in your SQL syntax; check the manual that corresponds to your MariaDB server version for the right syntax to use near '15 . ,netwhight= . 13 .  where p_id= . 4 .' at line 1 in C:\xampp\htdocs\KJ\system\Database\MySQLi\Connection.php:292
Stack trace:
#0 C:\xampp\htdocs\KJ\system\Database\MySQLi\Connection.php(292): mysqli->query('update add_prod...', 0)
#1 C:\xampp\htdocs\KJ\system\Database\BaseConnection.php(693): CodeIgniter\Database\MySQLi\Connection->execute('update add_prod...')
#2 C:\xampp\htdocs\KJ\system\Database\BaseConnection.php(620): CodeIgniter\Database\BaseConnection->simpleQuery('update add_prod...')
#3 C:\xampp\htdocs\KJ\app\Models\Edit_product_model.php(22): CodeIgniter\Database\BaseConnection->query('update add_prod...')
#4 C:\xampp\htdocs\KJ\app\Controllers\add_product_Controller.php(202): App\Models\Edit_product_model->update_data('15', '13', '4')
#5 C:\xampp\htdocs\KJ\system\CodeIgniter.php(904): App\Controllers\add_product_Controller->editProduct()
#6 C:\xampp\htdocs\KJ\system\CodeIgniter.php(457): CodeIgniter\CodeIgniter->runController(Object(App\Controllers\add_product_Controller))
#7 C:\xampp\htdocs\KJ\system\CodeIgniter.php(340): CodeIgniter\CodeIgniter->handleRequest(NULL, Object(Config\Cache), false)
#8 C:\xampp\htdocs\KJ\public\index.php(67): CodeIgniter\CodeIgniter->run()
#9 {main}
CRITICAL - 2022-11-19 07:58:16 --> You have an error in your SQL syntax; check the manual that corresponds to your MariaDB server version for the right syntax to use near '15 . ,netwhight= . 13 .  where p_id= . 4 .' at line 1
in SYSTEMPATH\Database\MySQLi\Connection.php on line 292.
 1 SYSTEMPATH\Database\MySQLi\Connection.php(292): mysqli->query('update add_product set whight . 15 . ,netwhight= . 13 .  where p_id= . 4 . ', 0)
 2 SYSTEMPATH\Database\BaseConnection.php(693): CodeIgniter\Database\MySQLi\Connection->execute('update add_product set whight . 15 . ,netwhight= . 13 .  where p_id= . 4 . ')
 3 SYSTEMPATH\Database\BaseConnection.php(620): CodeIgniter\Database\BaseConnection->simpleQuery('update add_product set whight . 15 . ,netwhight= . 13 .  where p_id= . 4 . ')
 4 APPPATH\Models\Edit_product_model.php(22): CodeIgniter\Database\BaseConnection->query('update add_product set whight . 15 . ,netwhight= . 13 .  where p_id= . 4 . ')
 5 APPPATH\Controllers\add_product_Controller.php(202): App\Models\Edit_product_model->update_data('15', '13', '4')
 6 SYSTEMPATH\CodeIgniter.php(904): App\Controllers\add_product_Controller->editProduct()
 7 SYSTEMPATH\CodeIgniter.php(457): CodeIgniter\CodeIgniter->runController(Object(App\Controllers\add_product_Controller))
 8 SYSTEMPATH\CodeIgniter.php(340): CodeIgniter\CodeIgniter->handleRequest(null, Object(Config\Cache), false)
 9 FCPATH\index.php(67): CodeIgniter\CodeIgniter->run()
ERROR - 2022-11-19 07:58:32 --> mysqli_sql_exception: You have an error in your SQL syntax; check the manual that corresponds to your MariaDB server version for the right syntax to use near '15 . ,netwhight= . 13 .  where p_id= . 10 .' at line 1 in C:\xampp\htdocs\KJ\system\Database\MySQLi\Connection.php:292
Stack trace:
#0 C:\xampp\htdocs\KJ\system\Database\MySQLi\Connection.php(292): mysqli->query('update add_prod...', 0)
#1 C:\xampp\htdocs\KJ\system\Database\BaseConnection.php(693): CodeIgniter\Database\MySQLi\Connection->execute('update add_prod...')
#2 C:\xampp\htdocs\KJ\system\Database\BaseConnection.php(620): CodeIgniter\Database\BaseConnection->simpleQuery('update add_prod...')
#3 C:\xampp\htdocs\KJ\app\Models\Edit_product_model.php(22): CodeIgniter\Database\BaseConnection->query('update add_prod...')
#4 C:\xampp\htdocs\KJ\app\Controllers\add_product_Controller.php(202): App\Models\Edit_product_model->update_data('15', '13', '4')
#5 C:\xampp\htdocs\KJ\system\CodeIgniter.php(904): App\Controllers\add_product_Controller->editProduct()
#6 C:\xampp\htdocs\KJ\system\CodeIgniter.php(457): CodeIgniter\CodeIgniter->runController(Object(App\Controllers\add_product_Controller))
#7 C:\xampp\htdocs\KJ\system\CodeIgniter.php(340): CodeIgniter\CodeIgniter->handleRequest(NULL, Object(Config\Cache), false)
#8 C:\xampp\htdocs\KJ\public\index.php(67): CodeIgniter\CodeIgniter->run()
#9 {main}
CRITICAL - 2022-11-19 07:58:32 --> You have an error in your SQL syntax; check the manual that corresponds to your MariaDB server version for the right syntax to use near '15 . ,netwhight= . 13 .  where p_id= . 10 .' at line 1
in SYSTEMPATH\Database\MySQLi\Connection.php on line 292.
 1 SYSTEMPATH\Database\MySQLi\Connection.php(292): mysqli->query('update add_product set whight . 15 . ,netwhight= . 13 .  where p_id= . 10 . ', 0)
 2 SYSTEMPATH\Database\BaseConnection.php(693): CodeIgniter\Database\MySQLi\Connection->execute('update add_product set whight . 15 . ,netwhight= . 13 .  where p_id= . 10 . ')
 3 SYSTEMPATH\Database\BaseConnection.php(620): CodeIgniter\Database\BaseConnection->simpleQuery('update add_product set whight . 15 . ,netwhight= . 13 .  where p_id= . 10 . ')
 4 APPPATH\Models\Edit_product_model.php(22): CodeIgniter\Database\BaseConnection->query('update add_product set whight . 15 . ,netwhight= . 13 .  where p_id= . 10 . ')
 5 APPPATH\Controllers\add_product_Controller.php(202): App\Models\Edit_product_model->update_data('15', '13', '4')
 6 SYSTEMPATH\CodeIgniter.php(904): App\Controllers\add_product_Controller->editProduct()
 7 SYSTEMPATH\CodeIgniter.php(457): CodeIgniter\CodeIgniter->runController(Object(App\Controllers\add_product_Controller))
 8 SYSTEMPATH\CodeIgniter.php(340): CodeIgniter\CodeIgniter->handleRequest(null, Object(Config\Cache), false)
 9 FCPATH\index.php(67): CodeIgniter\CodeIgniter->run()
ERROR - 2022-11-19 07:59:01 --> mysqli_sql_exception: You have an error in your SQL syntax; check the manual that corresponds to your MariaDB server version for the right syntax to use near '15 . ,netwhight= . 13 . where p_id=10' at line 1 in C:\xampp\htdocs\KJ\system\Database\MySQLi\Connection.php:292
Stack trace:
#0 C:\xampp\htdocs\KJ\system\Database\MySQLi\Connection.php(292): mysqli->query('update add_prod...', 0)
#1 C:\xampp\htdocs\KJ\system\Database\BaseConnection.php(693): CodeIgniter\Database\MySQLi\Connection->execute('update add_prod...')
#2 C:\xampp\htdocs\KJ\system\Database\BaseConnection.php(620): CodeIgniter\Database\BaseConnection->simpleQuery('update add_prod...')
#3 C:\xampp\htdocs\KJ\app\Models\Edit_product_model.php(22): CodeIgniter\Database\BaseConnection->query('update add_prod...')
#4 C:\xampp\htdocs\KJ\app\Controllers\add_product_Controller.php(202): App\Models\Edit_product_model->update_data('15', '13', '4')
#5 C:\xampp\htdocs\KJ\system\CodeIgniter.php(904): App\Controllers\add_product_Controller->editProduct()
#6 C:\xampp\htdocs\KJ\system\CodeIgniter.php(457): CodeIgniter\CodeIgniter->runController(Object(App\Controllers\add_product_Controller))
#7 C:\xampp\htdocs\KJ\system\CodeIgniter.php(340): CodeIgniter\CodeIgniter->handleRequest(NULL, Object(Config\Cache), false)
#8 C:\xampp\htdocs\KJ\public\index.php(67): CodeIgniter\CodeIgniter->run()
#9 {main}
CRITICAL - 2022-11-19 07:59:01 --> You have an error in your SQL syntax; check the manual that corresponds to your MariaDB server version for the right syntax to use near '15 . ,netwhight= . 13 . where p_id=10' at line 1
in SYSTEMPATH\Database\MySQLi\Connection.php on line 292.
 1 SYSTEMPATH\Database\MySQLi\Connection.php(292): mysqli->query('update add_product set whight . 15 . ,netwhight= . 13 . where p_id=10', 0)
 2 SYSTEMPATH\Database\BaseConnection.php(693): CodeIgniter\Database\MySQLi\Connection->execute('update add_product set whight . 15 . ,netwhight= . 13 . where p_id=10')
 3 SYSTEMPATH\Database\BaseConnection.php(620): CodeIgniter\Database\BaseConnection->simpleQuery('update add_product set whight . 15 . ,netwhight= . 13 . where p_id=10')
 4 APPPATH\Models\Edit_product_model.php(22): CodeIgniter\Database\BaseConnection->query('update add_product set whight . 15 . ,netwhight= . 13 . where p_id=10')
 5 APPPATH\Controllers\add_product_Controller.php(202): App\Models\Edit_product_model->update_data('15', '13', '4')
 6 SYSTEMPATH\CodeIgniter.php(904): App\Controllers\add_product_Controller->editProduct()
 7 SYSTEMPATH\CodeIgniter.php(457): CodeIgniter\CodeIgniter->runController(Object(App\Controllers\add_product_Controller))
 8 SYSTEMPATH\CodeIgniter.php(340): CodeIgniter\CodeIgniter->handleRequest(null, Object(Config\Cache), false)
 9 FCPATH\index.php(67): CodeIgniter\CodeIgniter->run()
ERROR - 2022-11-19 07:59:12 --> mysqli_sql_exception: You have an error in your SQL syntax; check the manual that corresponds to your MariaDB server version for the right syntax to use near '15 . ,netwhight= . 13 . where p_id=10' at line 1 in C:\xampp\htdocs\KJ\system\Database\MySQLi\Connection.php:292
Stack trace:
#0 C:\xampp\htdocs\KJ\system\Database\MySQLi\Connection.php(292): mysqli->query('update add_prod...', 0)
#1 C:\xampp\htdocs\KJ\system\Database\BaseConnection.php(693): CodeIgniter\Database\MySQLi\Connection->execute('update add_prod...')
#2 C:\xampp\htdocs\KJ\system\Database\BaseConnection.php(620): CodeIgniter\Database\BaseConnection->simpleQuery('update add_prod...')
#3 C:\xampp\htdocs\KJ\app\Models\Edit_product_model.php(22): CodeIgniter\Database\BaseConnection->query('update add_prod...')
#4 C:\xampp\htdocs\KJ\app\Controllers\add_product_Controller.php(202): App\Models\Edit_product_model->update_data('15', '13', '4')
#5 C:\xampp\htdocs\KJ\system\CodeIgniter.php(904): App\Controllers\add_product_Controller->editProduct()
#6 C:\xampp\htdocs\KJ\system\CodeIgniter.php(457): CodeIgniter\CodeIgniter->runController(Object(App\Controllers\add_product_Controller))
#7 C:\xampp\htdocs\KJ\system\CodeIgniter.php(340): CodeIgniter\CodeIgniter->handleRequest(NULL, Object(Config\Cache), false)
#8 C:\xampp\htdocs\KJ\public\index.php(67): CodeIgniter\CodeIgniter->run()
#9 {main}
CRITICAL - 2022-11-19 07:59:12 --> You have an error in your SQL syntax; check the manual that corresponds to your MariaDB server version for the right syntax to use near '15 . ,netwhight= . 13 . where p_id=10' at line 1
in SYSTEMPATH\Database\MySQLi\Connection.php on line 292.
 1 SYSTEMPATH\Database\MySQLi\Connection.php(292): mysqli->query('update add_product set whight . 15 . ,netwhight= . 13 . where p_id=10;', 0)
 2 SYSTEMPATH\Database\BaseConnection.php(693): CodeIgniter\Database\MySQLi\Connection->execute('update add_product set whight . 15 . ,netwhight= . 13 . where p_id=10;')
 3 SYSTEMPATH\Database\BaseConnection.php(620): CodeIgniter\Database\BaseConnection->simpleQuery('update add_product set whight . 15 . ,netwhight= . 13 . where p_id=10;')
 4 APPPATH\Models\Edit_product_model.php(22): CodeIgniter\Database\BaseConnection->query('update add_product set whight . 15 . ,netwhight= . 13 . where p_id=10;')
 5 APPPATH\Controllers\add_product_Controller.php(202): App\Models\Edit_product_model->update_data('15', '13', '4')
 6 SYSTEMPATH\CodeIgniter.php(904): App\Controllers\add_product_Controller->editProduct()
 7 SYSTEMPATH\CodeIgniter.php(457): CodeIgniter\CodeIgniter->runController(Object(App\Controllers\add_product_Controller))
 8 SYSTEMPATH\CodeIgniter.php(340): CodeIgniter\CodeIgniter->handleRequest(null, Object(Config\Cache), false)
 9 FCPATH\index.php(67): CodeIgniter\CodeIgniter->run()
CRITICAL - 2022-11-19 08:13:37 --> foreach() argument must be of type array|object, null given
in APPPATH\Views\edit_product_form.php on line 85.
 1 APPPATH\Views\edit_product_form.php(85): CodeIgniter\Debug\Exceptions->errorHandler(2, 'foreach() argument must be of type array|object, null given', 'APPPATH\\Views\\edit_product_form.php', 85)
 2 SYSTEMPATH\View\View.php(213): include('APPPATH\\Views\\edit_product_form.php')
 3 SYSTEMPATH\View\View.php(216): CodeIgniter\View\View->CodeIgniter\View\{closure}()
 4 SYSTEMPATH\Common.php(1137): CodeIgniter\View\View->render('edit_product_form', [], true)
 5 APPPATH\Controllers\add_product_Controller.php(167): view('edit_product_form', [...])
 6 SYSTEMPATH\CodeIgniter.php(904): App\Controllers\add_product_Controller->edit_product()
 7 SYSTEMPATH\CodeIgniter.php(457): CodeIgniter\CodeIgniter->runController(Object(App\Controllers\add_product_Controller))
 8 SYSTEMPATH\CodeIgniter.php(340): CodeIgniter\CodeIgniter->handleRequest(null, Object(Config\Cache), false)
 9 FCPATH\index.php(67): CodeIgniter\CodeIgniter->run()
ERROR - 2022-11-19 08:15:13 --> mysqli_sql_exception: Duplicate entry '4' for key 'PRIMARY' in C:\xampp\htdocs\KJ\system\Database\MySQLi\Connection.php:292
Stack trace:
#0 C:\xampp\htdocs\KJ\system\Database\MySQLi\Connection.php(292): mysqli->query('UPDATE `add_pro...', 0)
#1 C:\xampp\htdocs\KJ\system\Database\BaseConnection.php(693): CodeIgniter\Database\MySQLi\Connection->execute('UPDATE `add_pro...')
#2 C:\xampp\htdocs\KJ\system\Database\BaseConnection.php(620): CodeIgniter\Database\BaseConnection->simpleQuery('UPDATE `add_pro...')
#3 C:\xampp\htdocs\KJ\app\Models\Edit_product_model.php(23): CodeIgniter\Database\BaseConnection->query('UPDATE `add_pro...')
#4 C:\xampp\htdocs\KJ\app\Controllers\add_product_Controller.php(202): App\Models\Edit_product_model->update_data('111', '111', '4')
#5 C:\xampp\htdocs\KJ\system\CodeIgniter.php(904): App\Controllers\add_product_Controller->editProduct()
#6 C:\xampp\htdocs\KJ\system\CodeIgniter.php(457): CodeIgniter\CodeIgniter->runController(Object(App\Controllers\add_product_Controller))
#7 C:\xampp\htdocs\KJ\system\CodeIgniter.php(340): CodeIgniter\CodeIgniter->handleRequest(NULL, Object(Config\Cache), false)
#8 C:\xampp\htdocs\KJ\public\index.php(67): CodeIgniter\CodeIgniter->run()
#9 {main}
CRITICAL - 2022-11-19 08:15:13 --> Duplicate entry '4' for key 'PRIMARY'
in SYSTEMPATH\Database\MySQLi\Connection.php on line 292.
 1 SYSTEMPATH\Database\MySQLi\Connection.php(292): mysqli->query('UPDATE `add_product` SET `p_id`=\'4\',`whight`=\'111\',`netwhight`=\'111\' WHERE 1', 0)
 2 SYSTEMPATH\Database\BaseConnection.php(693): CodeIgniter\Database\MySQLi\Connection->execute('UPDATE `add_product` SET `p_id`=\'4\',`whight`=\'111\',`netwhight`=\'111\' WHERE 1')
 3 SYSTEMPATH\Database\BaseConnection.php(620): CodeIgniter\Database\BaseConnection->simpleQuery('UPDATE `add_product` SET `p_id`=\'4\',`whight`=\'111\',`netwhight`=\'111\' WHERE 1')
 4 APPPATH\Models\Edit_product_model.php(23): CodeIgniter\Database\BaseConnection->query('UPDATE `add_product` SET `p_id`=\'4\',`whight`=\'111\',`netwhight`=\'111\' WHERE 1')
 5 APPPATH\Controllers\add_product_Controller.php(202): App\Models\Edit_product_model->update_data('111', '111', '4')
 6 SYSTEMPATH\CodeIgniter.php(904): App\Controllers\add_product_Controller->editProduct()
 7 SYSTEMPATH\CodeIgniter.php(457): CodeIgniter\CodeIgniter->runController(Object(App\Controllers\add_product_Controller))
 8 SYSTEMPATH\CodeIgniter.php(340): CodeIgniter\CodeIgniter->handleRequest(null, Object(Config\Cache), false)
 9 FCPATH\index.php(67): CodeIgniter\CodeIgniter->run()
ERROR - 2022-11-19 08:15:57 --> mysqli_sql_exception: Duplicate entry '4' for key 'PRIMARY' in C:\xampp\htdocs\KJ\system\Database\MySQLi\Connection.php:292
Stack trace:
#0 C:\xampp\htdocs\KJ\system\Database\MySQLi\Connection.php(292): mysqli->query('UPDATE `add_pro...', 0)
#1 C:\xampp\htdocs\KJ\system\Database\BaseConnection.php(693): CodeIgniter\Database\MySQLi\Connection->execute('UPDATE `add_pro...')
#2 C:\xampp\htdocs\KJ\system\Database\BaseConnection.php(620): CodeIgniter\Database\BaseConnection->simpleQuery('UPDATE `add_pro...')
#3 C:\xampp\htdocs\KJ\app\Models\Edit_product_model.php(23): CodeIgniter\Database\BaseConnection->query('UPDATE `add_pro...')
#4 C:\xampp\htdocs\KJ\app\Controllers\add_product_Controller.php(202): App\Models\Edit_product_model->update_data('111', '111', '4')
#5 C:\xampp\htdocs\KJ\system\CodeIgniter.php(904): App\Controllers\add_product_Controller->editProduct()
#6 C:\xampp\htdocs\KJ\system\CodeIgniter.php(457): CodeIgniter\CodeIgniter->runController(Object(App\Controllers\add_product_Controller))
#7 C:\xampp\htdocs\KJ\system\CodeIgniter.php(340): CodeIgniter\CodeIgniter->handleRequest(NULL, Object(Config\Cache), false)
#8 C:\xampp\htdocs\KJ\public\index.php(67): CodeIgniter\CodeIgniter->run()
#9 {main}
CRITICAL - 2022-11-19 08:15:57 --> Duplicate entry '4' for key 'PRIMARY'
in SYSTEMPATH\Database\MySQLi\Connection.php on line 292.
 1 SYSTEMPATH\Database\MySQLi\Connection.php(292): mysqli->query('UPDATE `add_product` SET `p_id`=\'4\',`whight`=\'111\',`netwhight`=\'111\'', 0)
 2 SYSTEMPATH\Database\BaseConnection.php(693): CodeIgniter\Database\MySQLi\Connection->execute('UPDATE `add_product` SET `p_id`=\'4\',`whight`=\'111\',`netwhight`=\'111\'')
 3 SYSTEMPATH\Database\BaseConnection.php(620): CodeIgniter\Database\BaseConnection->simpleQuery('UPDATE `add_product` SET `p_id`=\'4\',`whight`=\'111\',`netwhight`=\'111\'')
 4 APPPATH\Models\Edit_product_model.php(23): CodeIgniter\Database\BaseConnection->query('UPDATE `add_product` SET `p_id`=\'4\',`whight`=\'111\',`netwhight`=\'111\'')
 5 APPPATH\Controllers\add_product_Controller.php(202): App\Models\Edit_product_model->update_data('111', '111', '4')
 6 SYSTEMPATH\CodeIgniter.php(904): App\Controllers\add_product_Controller->editProduct()
 7 SYSTEMPATH\CodeIgniter.php(457): CodeIgniter\CodeIgniter->runController(Object(App\Controllers\add_product_Controller))
 8 SYSTEMPATH\CodeIgniter.php(340): CodeIgniter\CodeIgniter->handleRequest(null, Object(Config\Cache), false)
 9 FCPATH\index.php(67): CodeIgniter\CodeIgniter->run()
ERROR - 2022-11-19 08:15:59 --> mysqli_sql_exception: Duplicate entry '4' for key 'PRIMARY' in C:\xampp\htdocs\KJ\system\Database\MySQLi\Connection.php:292
Stack trace:
#0 C:\xampp\htdocs\KJ\system\Database\MySQLi\Connection.php(292): mysqli->query('UPDATE `add_pro...', 0)
#1 C:\xampp\htdocs\KJ\system\Database\BaseConnection.php(693): CodeIgniter\Database\MySQLi\Connection->execute('UPDATE `add_pro...')
#2 C:\xampp\htdocs\KJ\system\Database\BaseConnection.php(620): CodeIgniter\Database\BaseConnection->simpleQuery('UPDATE `add_pro...')
#3 C:\xampp\htdocs\KJ\app\Models\Edit_product_model.php(23): CodeIgniter\Database\BaseConnection->query('UPDATE `add_pro...')
#4 C:\xampp\htdocs\KJ\app\Controllers\add_product_Controller.php(202): App\Models\Edit_product_model->update_data('111', '111', '4')
#5 C:\xampp\htdocs\KJ\system\CodeIgniter.php(904): App\Controllers\add_product_Controller->editProduct()
#6 C:\xampp\htdocs\KJ\system\CodeIgniter.php(457): CodeIgniter\CodeIgniter->runController(Object(App\Controllers\add_product_Controller))
#7 C:\xampp\htdocs\KJ\system\CodeIgniter.php(340): CodeIgniter\CodeIgniter->handleRequest(NULL, Object(Config\Cache), false)
#8 C:\xampp\htdocs\KJ\public\index.php(67): CodeIgniter\CodeIgniter->run()
#9 {main}
CRITICAL - 2022-11-19 08:15:59 --> Duplicate entry '4' for key 'PRIMARY'
in SYSTEMPATH\Database\MySQLi\Connection.php on line 292.
 1 SYSTEMPATH\Database\MySQLi\Connection.php(292): mysqli->query('UPDATE `add_product` SET `p_id`=\'4\',`whight`=\'111\',`netwhight`=\'111\'', 0)
 2 SYSTEMPATH\Database\BaseConnection.php(693): CodeIgniter\Database\MySQLi\Connection->execute('UPDATE `add_product` SET `p_id`=\'4\',`whight`=\'111\',`netwhight`=\'111\'')
 3 SYSTEMPATH\Database\BaseConnection.php(620): CodeIgniter\Database\BaseConnection->simpleQuery('UPDATE `add_product` SET `p_id`=\'4\',`whight`=\'111\',`netwhight`=\'111\'')
 4 APPPATH\Models\Edit_product_model.php(23): CodeIgniter\Database\BaseConnection->query('UPDATE `add_product` SET `p_id`=\'4\',`whight`=\'111\',`netwhight`=\'111\'')
 5 APPPATH\Controllers\add_product_Controller.php(202): App\Models\Edit_product_model->update_data('111', '111', '4')
 6 SYSTEMPATH\CodeIgniter.php(904): App\Controllers\add_product_Controller->editProduct()
 7 SYSTEMPATH\CodeIgniter.php(457): CodeIgniter\CodeIgniter->runController(Object(App\Controllers\add_product_Controller))
 8 SYSTEMPATH\CodeIgniter.php(340): CodeIgniter\CodeIgniter->handleRequest(null, Object(Config\Cache), false)
 9 FCPATH\index.php(67): CodeIgniter\CodeIgniter->run()
ERROR - 2022-11-19 08:16:09 --> mysqli_sql_exception: Duplicate entry '4' for key 'PRIMARY' in C:\xampp\htdocs\KJ\system\Database\MySQLi\Connection.php:292
Stack trace:
#0 C:\xampp\htdocs\KJ\system\Database\MySQLi\Connection.php(292): mysqli->query('UPDATE `add_pro...', 0)
#1 C:\xampp\htdocs\KJ\system\Database\BaseConnection.php(693): CodeIgniter\Database\MySQLi\Connection->execute('UPDATE `add_pro...')
#2 C:\xampp\htdocs\KJ\system\Database\BaseConnection.php(620): CodeIgniter\Database\BaseConnection->simpleQuery('UPDATE `add_pro...')
#3 C:\xampp\htdocs\KJ\app\Models\Edit_product_model.php(23): CodeIgniter\Database\BaseConnection->query('UPDATE `add_pro...')
#4 C:\xampp\htdocs\KJ\app\Controllers\add_product_Controller.php(202): App\Models\Edit_product_model->update_data('121', '121', '4')
#5 C:\xampp\htdocs\KJ\system\CodeIgniter.php(904): App\Controllers\add_product_Controller->editProduct()
#6 C:\xampp\htdocs\KJ\system\CodeIgniter.php(457): CodeIgniter\CodeIgniter->runController(Object(App\Controllers\add_product_Controller))
#7 C:\xampp\htdocs\KJ\system\CodeIgniter.php(340): CodeIgniter\CodeIgniter->handleRequest(NULL, Object(Config\Cache), false)
#8 C:\xampp\htdocs\KJ\public\index.php(67): CodeIgniter\CodeIgniter->run()
#9 {main}
CRITICAL - 2022-11-19 08:16:09 --> Duplicate entry '4' for key 'PRIMARY'
in SYSTEMPATH\Database\MySQLi\Connection.php on line 292.
 1 SYSTEMPATH\Database\MySQLi\Connection.php(292): mysqli->query('UPDATE `add_product` SET `p_id`=\'4\',`whight`=\'121\',`netwhight`=\'121\'', 0)
 2 SYSTEMPATH\Database\BaseConnection.php(693): CodeIgniter\Database\MySQLi\Connection->execute('UPDATE `add_product` SET `p_id`=\'4\',`whight`=\'121\',`netwhight`=\'121\'')
 3 SYSTEMPATH\Database\BaseConnection.php(620): CodeIgniter\Database\BaseConnection->simpleQuery('UPDATE `add_product` SET `p_id`=\'4\',`whight`=\'121\',`netwhight`=\'121\'')
 4 APPPATH\Models\Edit_product_model.php(23): CodeIgniter\Database\BaseConnection->query('UPDATE `add_product` SET `p_id`=\'4\',`whight`=\'121\',`netwhight`=\'121\'')
 5 APPPATH\Controllers\add_product_Controller.php(202): App\Models\Edit_product_model->update_data('121', '121', '4')
 6 SYSTEMPATH\CodeIgniter.php(904): App\Controllers\add_product_Controller->editProduct()
 7 SYSTEMPATH\CodeIgniter.php(457): CodeIgniter\CodeIgniter->runController(Object(App\Controllers\add_product_Controller))
 8 SYSTEMPATH\CodeIgniter.php(340): CodeIgniter\CodeIgniter->handleRequest(null, Object(Config\Cache), false)
 9 FCPATH\index.php(67): CodeIgniter\CodeIgniter->run()
ERROR - 2022-11-19 08:23:30 --> mysqli_sql_exception: Duplicate entry '4' for key 'PRIMARY' in C:\xampp\htdocs\KJ\system\Database\MySQLi\Connection.php:292
Stack trace:
#0 C:\xampp\htdocs\KJ\system\Database\MySQLi\Connection.php(292): mysqli->query('UPDATE `add_pro...', 0)
#1 C:\xampp\htdocs\KJ\system\Database\BaseConnection.php(693): CodeIgniter\Database\MySQLi\Connection->execute('UPDATE `add_pro...')
#2 C:\xampp\htdocs\KJ\system\Database\BaseConnection.php(620): CodeIgniter\Database\BaseConnection->simpleQuery('UPDATE `add_pro...')
#3 C:\xampp\htdocs\KJ\app\Models\Edit_product_model.php(23): CodeIgniter\Database\BaseConnection->query('UPDATE `add_pro...')
#4 C:\xampp\htdocs\KJ\app\Controllers\add_product_Controller.php(202): App\Models\Edit_product_model->update_data('1223', '1223', '4')
#5 C:\xampp\htdocs\KJ\system\CodeIgniter.php(904): App\Controllers\add_product_Controller->editProduct()
#6 C:\xampp\htdocs\KJ\system\CodeIgniter.php(457): CodeIgniter\CodeIgniter->runController(Object(App\Controllers\add_product_Controller))
#7 C:\xampp\htdocs\KJ\system\CodeIgniter.php(340): CodeIgniter\CodeIgniter->handleRequest(NULL, Object(Config\Cache), false)
#8 C:\xampp\htdocs\KJ\public\index.php(67): CodeIgniter\CodeIgniter->run()
#9 {main}
CRITICAL - 2022-11-19 08:23:30 --> Duplicate entry '4' for key 'PRIMARY'
in SYSTEMPATH\Database\MySQLi\Connection.php on line 292.
 1 SYSTEMPATH\Database\MySQLi\Connection.php(292): mysqli->query('UPDATE `add_product` SET `p_id`=\'4\',`whight`=\'1223\',`netwhight`=\'1223\' WHERE 1', 0)
 2 SYSTEMPATH\Database\BaseConnection.php(693): CodeIgniter\Database\MySQLi\Connection->execute('UPDATE `add_product` SET `p_id`=\'4\',`whight`=\'1223\',`netwhight`=\'1223\' WHERE 1')
 3 SYSTEMPATH\Database\BaseConnection.php(620): CodeIgniter\Database\BaseConnection->simpleQuery('UPDATE `add_product` SET `p_id`=\'4\',`whight`=\'1223\',`netwhight`=\'1223\' WHERE 1')
 4 APPPATH\Models\Edit_product_model.php(23): CodeIgniter\Database\BaseConnection->query('UPDATE `add_product` SET `p_id`=\'4\',`whight`=\'1223\',`netwhight`=\'1223\' WHERE 1')
 5 APPPATH\Controllers\add_product_Controller.php(202): App\Models\Edit_product_model->update_data('1223', '1223', '4')
 6 SYSTEMPATH\CodeIgniter.php(904): App\Controllers\add_product_Controller->editProduct()
 7 SYSTEMPATH\CodeIgniter.php(457): CodeIgniter\CodeIgniter->runController(Object(App\Controllers\add_product_Controller))
 8 SYSTEMPATH\CodeIgniter.php(340): CodeIgniter\CodeIgniter->handleRequest(null, Object(Config\Cache), false)
 9 FCPATH\index.php(67): CodeIgniter\CodeIgniter->run()
CRITICAL - 2022-11-19 08:24:07 --> Undefined variable $p_id
in APPPATH\Controllers\add_product_Controller.php on line 202.
 1 APPPATH\Controllers\add_product_Controller.php(202): CodeIgniter\Debug\Exceptions->errorHandler(2, 'Undefined variable $p_id', 'APPPATH\\Controllers\\add_product_Controller.php', 202)
 2 SYSTEMPATH\CodeIgniter.php(904): App\Controllers\add_product_Controller->editProduct()
 3 SYSTEMPATH\CodeIgniter.php(457): CodeIgniter\CodeIgniter->runController(Object(App\Controllers\add_product_Controller))
 4 SYSTEMPATH\CodeIgniter.php(340): CodeIgniter\CodeIgniter->handleRequest(null, Object(Config\Cache), false)
 5 FCPATH\index.php(67): CodeIgniter\CodeIgniter->run()
CRITICAL - 2022-11-19 09:05:57 --> Undefined array key "p_id"
in APPPATH\Controllers\add_product_Controller.php on line 199.
 1 APPPATH\Controllers\add_product_Controller.php(199): CodeIgniter\Debug\Exceptions->errorHandler(2, 'Undefined array key "p_id"', 'APPPATH\\Controllers\\add_product_Controller.php', 199)
 2 SYSTEMPATH\CodeIgniter.php(904): App\Controllers\add_product_Controller->editProduct()
 3 SYSTEMPATH\CodeIgniter.php(457): CodeIgniter\CodeIgniter->runController(Object(App\Controllers\add_product_Controller))
 4 SYSTEMPATH\CodeIgniter.php(340): CodeIgniter\CodeIgniter->handleRequest(null, Object(Config\Cache), false)
 5 FCPATH\index.php(67): CodeIgniter\CodeIgniter->run()
CRITICAL - 2022-11-19 09:08:05 --> Undefined array key "id"
in APPPATH\Controllers\add_product_Controller.php on line 199.
 1 APPPATH\Controllers\add_product_Controller.php(199): CodeIgniter\Debug\Exceptions->errorHandler(2, 'Undefined array key "id"', 'APPPATH\\Controllers\\add_product_Controller.php', 199)
 2 SYSTEMPATH\CodeIgniter.php(904): App\Controllers\add_product_Controller->editProduct()
 3 SYSTEMPATH\CodeIgniter.php(457): CodeIgniter\CodeIgniter->runController(Object(App\Controllers\add_product_Controller))
 4 SYSTEMPATH\CodeIgniter.php(340): CodeIgniter\CodeIgniter->handleRequest(null, Object(Config\Cache), false)
 5 FCPATH\index.php(67): CodeIgniter\CodeIgniter->run()
CRITICAL - 2022-11-19 09:09:44 --> Undefined array key "id"
in APPPATH\Controllers\add_product_Controller.php on line 199.
 1 APPPATH\Controllers\add_product_Controller.php(199): CodeIgniter\Debug\Exceptions->errorHandler(2, 'Undefined array key "id"', 'APPPATH\\Controllers\\add_product_Controller.php', 199)
 2 SYSTEMPATH\CodeIgniter.php(904): App\Controllers\add_product_Controller->editProduct()
 3 SYSTEMPATH\CodeIgniter.php(457): CodeIgniter\CodeIgniter->runController(Object(App\Controllers\add_product_Controller))
 4 SYSTEMPATH\CodeIgniter.php(340): CodeIgniter\CodeIgniter->handleRequest(null, Object(Config\Cache), false)
 5 FCPATH\index.php(67): CodeIgniter\CodeIgniter->run()
ERROR - 2022-11-19 09:16:10 --> mysqli_sql_exception: You have an error in your SQL syntax; check the manual that corresponds to your MariaDB server version for the right syntax to use near 'gmq,netwhight=16 gmq where p_id=15' at line 1 in C:\xampp\htdocs\KJ\system\Database\MySQLi\Connection.php:292
Stack trace:
#0 C:\xampp\htdocs\KJ\system\Database\MySQLi\Connection.php(292): mysqli->query('update add_prod...', 0)
#1 C:\xampp\htdocs\KJ\system\Database\BaseConnection.php(693): CodeIgniter\Database\MySQLi\Connection->execute('update add_prod...')
#2 C:\xampp\htdocs\KJ\system\Database\BaseConnection.php(620): CodeIgniter\Database\BaseConnection->simpleQuery('update add_prod...')
#3 C:\xampp\htdocs\KJ\app\Models\Edit_product_model.php(22): CodeIgniter\Database\BaseConnection->query('update add_prod...')
#4 C:\xampp\htdocs\KJ\app\Controllers\add_product_Controller.php(204): App\Models\Edit_product_model->update_data('17 gmq', '16 gmq', '15')
#5 C:\xampp\htdocs\KJ\system\CodeIgniter.php(904): App\Controllers\add_product_Controller->editProduct()
#6 C:\xampp\htdocs\KJ\system\CodeIgniter.php(457): CodeIgniter\CodeIgniter->runController(Object(App\Controllers\add_product_Controller))
#7 C:\xampp\htdocs\KJ\system\CodeIgniter.php(340): CodeIgniter\CodeIgniter->handleRequest(NULL, Object(Config\Cache), false)
#8 C:\xampp\htdocs\KJ\public\index.php(67): CodeIgniter\CodeIgniter->run()
#9 {main}
CRITICAL - 2022-11-19 09:16:10 --> You have an error in your SQL syntax; check the manual that corresponds to your MariaDB server version for the right syntax to use near 'gmq,netwhight=16 gmq where p_id=15' at line 1
in SYSTEMPATH\Database\MySQLi\Connection.php on line 292.
 1 SYSTEMPATH\Database\MySQLi\Connection.php(292): mysqli->query('update add_product set whight=17 gmq,netwhight=16 gmq where p_id=15', 0)
 2 SYSTEMPATH\Database\BaseConnection.php(693): CodeIgniter\Database\MySQLi\Connection->execute('update add_product set whight=17 gmq,netwhight=16 gmq where p_id=15')
 3 SYSTEMPATH\Database\BaseConnection.php(620): CodeIgniter\Database\BaseConnection->simpleQuery('update add_product set whight=17 gmq,netwhight=16 gmq where p_id=15')
 4 APPPATH\Models\Edit_product_model.php(22): CodeIgniter\Database\BaseConnection->query('update add_product set whight=17 gmq,netwhight=16 gmq where p_id=15')
 5 APPPATH\Controllers\add_product_Controller.php(204): App\Models\Edit_product_model->update_data('17 gmq', '16 gmq', '15')
 6 SYSTEMPATH\CodeIgniter.php(904): App\Controllers\add_product_Controller->editProduct()
 7 SYSTEMPATH\CodeIgniter.php(457): CodeIgniter\CodeIgniter->runController(Object(App\Controllers\add_product_Controller))
 8 SYSTEMPATH\CodeIgniter.php(340): CodeIgniter\CodeIgniter->handleRequest(null, Object(Config\Cache), false)
 9 FCPATH\index.php(67): CodeIgniter\CodeIgniter->run()
ERROR - 2022-11-19 09:16:52 --> mysqli_sql_exception: You have an error in your SQL syntax; check the manual that corresponds to your MariaDB server version for the right syntax to use near 'gmq,netwhight=16 gmq where p_id='15'' at line 1 in C:\xampp\htdocs\KJ\system\Database\MySQLi\Connection.php:292
Stack trace:
#0 C:\xampp\htdocs\KJ\system\Database\MySQLi\Connection.php(292): mysqli->query('update add_prod...', 0)
#1 C:\xampp\htdocs\KJ\system\Database\BaseConnection.php(693): CodeIgniter\Database\MySQLi\Connection->execute('update add_prod...')
#2 C:\xampp\htdocs\KJ\system\Database\BaseConnection.php(620): CodeIgniter\Database\BaseConnection->simpleQuery('update add_prod...')
#3 C:\xampp\htdocs\KJ\app\Models\Edit_product_model.php(22): CodeIgniter\Database\BaseConnection->query('update add_prod...')
#4 C:\xampp\htdocs\KJ\app\Controllers\add_product_Controller.php(204): App\Models\Edit_product_model->update_data('17 gmq', '16 gmq', '15')
#5 C:\xampp\htdocs\KJ\system\CodeIgniter.php(904): App\Controllers\add_product_Controller->editProduct()
#6 C:\xampp\htdocs\KJ\system\CodeIgniter.php(457): CodeIgniter\CodeIgniter->runController(Object(App\Controllers\add_product_Controller))
#7 C:\xampp\htdocs\KJ\system\CodeIgniter.php(340): CodeIgniter\CodeIgniter->handleRequest(NULL, Object(Config\Cache), false)
#8 C:\xampp\htdocs\KJ\public\index.php(67): CodeIgniter\CodeIgniter->run()
#9 {main}
CRITICAL - 2022-11-19 09:16:52 --> You have an error in your SQL syntax; check the manual that corresponds to your MariaDB server version for the right syntax to use near 'gmq,netwhight=16 gmq where p_id='15'' at line 1
in SYSTEMPATH\Database\MySQLi\Connection.php on line 292.
 1 SYSTEMPATH\Database\MySQLi\Connection.php(292): mysqli->query('update add_product set whight=17 gmq,netwhight=16 gmq where p_id=\'15\' ', 0)
 2 SYSTEMPATH\Database\BaseConnection.php(693): CodeIgniter\Database\MySQLi\Connection->execute('update add_product set whight=17 gmq,netwhight=16 gmq where p_id=\'15\' ')
 3 SYSTEMPATH\Database\BaseConnection.php(620): CodeIgniter\Database\BaseConnection->simpleQuery('update add_product set whight=17 gmq,netwhight=16 gmq where p_id=\'15\' ')
 4 APPPATH\Models\Edit_product_model.php(22): CodeIgniter\Database\BaseConnection->query('update add_product set whight=17 gmq,netwhight=16 gmq where p_id=\'15\' ')
 5 APPPATH\Controllers\add_product_Controller.php(204): App\Models\Edit_product_model->update_data('17 gmq', '16 gmq', '15')
 6 SYSTEMPATH\CodeIgniter.php(904): App\Controllers\add_product_Controller->editProduct()
 7 SYSTEMPATH\CodeIgniter.php(457): CodeIgniter\CodeIgniter->runController(Object(App\Controllers\add_product_Controller))
 8 SYSTEMPATH\CodeIgniter.php(340): CodeIgniter\CodeIgniter->handleRequest(null, Object(Config\Cache), false)
 9 FCPATH\index.php(67): CodeIgniter\CodeIgniter->run()
ERROR - 2022-11-19 09:20:12 --> mysqli_sql_exception: You have an error in your SQL syntax; check the manual that corresponds to your MariaDB server version for the right syntax to use near 'gmq,netwhight=16 gmq where p_id='15'' at line 1 in C:\xampp\htdocs\KJ\system\Database\MySQLi\Connection.php:292
Stack trace:
#0 C:\xampp\htdocs\KJ\system\Database\MySQLi\Connection.php(292): mysqli->query('update add_prod...', 0)
#1 C:\xampp\htdocs\KJ\system\Database\BaseConnection.php(693): CodeIgniter\Database\MySQLi\Connection->execute('update add_prod...')
#2 C:\xampp\htdocs\KJ\system\Database\BaseConnection.php(620): CodeIgniter\Database\BaseConnection->simpleQuery('update add_prod...')
#3 C:\xampp\htdocs\KJ\app\Models\Edit_product_model.php(22): CodeIgniter\Database\BaseConnection->query('update add_prod...')
#4 C:\xampp\htdocs\KJ\app\Controllers\add_product_Controller.php(204): App\Models\Edit_product_model->update_data('17 gmq', '16 gmq', '15')
#5 C:\xampp\htdocs\KJ\system\CodeIgniter.php(904): App\Controllers\add_product_Controller->editProduct()
#6 C:\xampp\htdocs\KJ\system\CodeIgniter.php(457): CodeIgniter\CodeIgniter->runController(Object(App\Controllers\add_product_Controller))
#7 C:\xampp\htdocs\KJ\system\CodeIgniter.php(340): CodeIgniter\CodeIgniter->handleRequest(NULL, Object(Config\Cache), false)
#8 C:\xampp\htdocs\KJ\public\index.php(67): CodeIgniter\CodeIgniter->run()
#9 {main}
CRITICAL - 2022-11-19 09:20:12 --> You have an error in your SQL syntax; check the manual that corresponds to your MariaDB server version for the right syntax to use near 'gmq,netwhight=16 gmq where p_id='15'' at line 1
in SYSTEMPATH\Database\MySQLi\Connection.php on line 292.
 1 SYSTEMPATH\Database\MySQLi\Connection.php(292): mysqli->query('update add_product set whight=17 gmq,netwhight=16 gmq where p_id=\'15\' ', 0)
 2 SYSTEMPATH\Database\BaseConnection.php(693): CodeIgniter\Database\MySQLi\Connection->execute('update add_product set whight=17 gmq,netwhight=16 gmq where p_id=\'15\' ')
 3 SYSTEMPATH\Database\BaseConnection.php(620): CodeIgniter\Database\BaseConnection->simpleQuery('update add_product set whight=17 gmq,netwhight=16 gmq where p_id=\'15\' ')
 4 APPPATH\Models\Edit_product_model.php(22): CodeIgniter\Database\BaseConnection->query('update add_product set whight=17 gmq,netwhight=16 gmq where p_id=\'15\' ')
 5 APPPATH\Controllers\add_product_Controller.php(204): App\Models\Edit_product_model->update_data('17 gmq', '16 gmq', '15')
 6 SYSTEMPATH\CodeIgniter.php(904): App\Controllers\add_product_Controller->editProduct()
 7 SYSTEMPATH\CodeIgniter.php(457): CodeIgniter\CodeIgniter->runController(Object(App\Controllers\add_product_Controller))
 8 SYSTEMPATH\CodeIgniter.php(340): CodeIgniter\CodeIgniter->handleRequest(null, Object(Config\Cache), false)
 9 FCPATH\index.php(67): CodeIgniter\CodeIgniter->run()
CRITICAL - 2022-11-19 09:24:13 --> Undefined array key "id"
in APPPATH\Controllers\add_product_Controller.php on line 201.
 1 APPPATH\Controllers\add_product_Controller.php(201): CodeIgniter\Debug\Exceptions->errorHandler(2, 'Undefined array key "id"', 'APPPATH\\Controllers\\add_product_Controller.php', 201)
 2 SYSTEMPATH\CodeIgniter.php(904): App\Controllers\add_product_Controller->editProduct()
 3 SYSTEMPATH\CodeIgniter.php(457): CodeIgniter\CodeIgniter->runController(Object(App\Controllers\add_product_Controller))
 4 SYSTEMPATH\CodeIgniter.php(340): CodeIgniter\CodeIgniter->handleRequest(null, Object(Config\Cache), false)
 5 FCPATH\index.php(67): CodeIgniter\CodeIgniter->run()
CRITICAL - 2022-11-19 09:24:56 --> App\Models\Edit_product_model::update_data(): Argument #3 ($p_id) must be of type string, null given, called in C:\xampp\htdocs\KJ\app\Controllers\add_product_Controller.php on line 204
in APPPATH\Models\Edit_product_model.php on line 19.
 1 APPPATH\Controllers\add_product_Controller.php(204): App\Models\Edit_product_model->update_data('123', '123', null)
 2 SYSTEMPATH\CodeIgniter.php(904): App\Controllers\add_product_Controller->editProduct()
 3 SYSTEMPATH\CodeIgniter.php(457): CodeIgniter\CodeIgniter->runController(Object(App\Controllers\add_product_Controller))
 4 SYSTEMPATH\CodeIgniter.php(340): CodeIgniter\CodeIgniter->handleRequest(null, Object(Config\Cache), false)
 5 FCPATH\index.php(67): CodeIgniter\CodeIgniter->run()
CRITICAL - 2022-11-19 09:26:40 --> App\Models\Edit_product_model::update_data(): Argument #3 ($p_id) must be of type string, null given, called in C:\xampp\htdocs\KJ\app\Controllers\add_product_Controller.php on line 204
in APPPATH\Models\Edit_product_model.php on line 19.
 1 APPPATH\Controllers\add_product_Controller.php(204): App\Models\Edit_product_model->update_data('123', '123', null)
 2 SYSTEMPATH\CodeIgniter.php(904): App\Controllers\add_product_Controller->editProduct()
 3 SYSTEMPATH\CodeIgniter.php(457): CodeIgniter\CodeIgniter->runController(Object(App\Controllers\add_product_Controller))
 4 SYSTEMPATH\CodeIgniter.php(340): CodeIgniter\CodeIgniter->handleRequest(null, Object(Config\Cache), false)
 5 FCPATH\index.php(67): CodeIgniter\CodeIgniter->run()
CRITICAL - 2022-11-19 09:27:10 --> Undefined array key "id"
in APPPATH\Controllers\add_product_Controller.php on line 201.
 1 APPPATH\Controllers\add_product_Controller.php(201): CodeIgniter\Debug\Exceptions->errorHandler(2, 'Undefined array key "id"', 'APPPATH\\Controllers\\add_product_Controller.php', 201)
 2 SYSTEMPATH\CodeIgniter.php(904): App\Controllers\add_product_Controller->editProduct()
 3 SYSTEMPATH\CodeIgniter.php(457): CodeIgniter\CodeIgniter->runController(Object(App\Controllers\add_product_Controller))
 4 SYSTEMPATH\CodeIgniter.php(340): CodeIgniter\CodeIgniter->handleRequest(null, Object(Config\Cache), false)
 5 FCPATH\index.php(67): CodeIgniter\CodeIgniter->run()
CRITICAL - 2022-11-19 09:31:33 --> Undefined array key "id"
in APPPATH\Controllers\add_product_Controller.php on line 201.
 1 APPPATH\Controllers\add_product_Controller.php(201): CodeIgniter\Debug\Exceptions->errorHandler(2, 'Undefined array key "id"', 'APPPATH\\Controllers\\add_product_Controller.php', 201)
 2 SYSTEMPATH\CodeIgniter.php(904): App\Controllers\add_product_Controller->editProduct()
 3 SYSTEMPATH\CodeIgniter.php(457): CodeIgniter\CodeIgniter->runController(Object(App\Controllers\add_product_Controller))
 4 SYSTEMPATH\CodeIgniter.php(340): CodeIgniter\CodeIgniter->handleRequest(null, Object(Config\Cache), false)
 5 FCPATH\index.php(67): CodeIgniter\CodeIgniter->run()
CRITICAL - 2022-11-19 09:38:11 --> Undefined variable $userdata
in APPPATH\Views\fatch_product_user.php on line 49.
 1 APPPATH\Views\fatch_product_user.php(49): CodeIgniter\Debug\Exceptions->errorHandler(2, 'Undefined variable $userdata', 'APPPATH\\Views\\fatch_product_user.php', 49)
 2 SYSTEMPATH\View\View.php(213): include('APPPATH\\Views\\fatch_product_user.php')
 3 SYSTEMPATH\View\View.php(216): CodeIgniter\View\View->CodeIgniter\View\{closure}()
 4 SYSTEMPATH\Common.php(1137): CodeIgniter\View\View->render('fatch_product_user', [], true)
 5 APPPATH\Controllers\add_product_Controller.php(229): view('fatch_product_user')
 6 SYSTEMPATH\CodeIgniter.php(904): App\Controllers\add_product_Controller->fatch_product()
 7 SYSTEMPATH\CodeIgniter.php(457): CodeIgniter\CodeIgniter->runController(Object(App\Controllers\add_product_Controller))
 8 SYSTEMPATH\CodeIgniter.php(340): CodeIgniter\CodeIgniter->handleRequest(null, Object(Config\Cache), false)
 9 FCPATH\index.php(67): CodeIgniter\CodeIgniter->run()
CRITICAL - 2022-11-19 21:50:26 --> Undefined array key "id"
in APPPATH\Controllers\add_product_Controller.php on line 201.
 1 APPPATH\Controllers\add_product_Controller.php(201): CodeIgniter\Debug\Exceptions->errorHandler(2, 'Undefined array key "id"', 'APPPATH\\Controllers\\add_product_Controller.php', 201)
 2 SYSTEMPATH\CodeIgniter.php(904): App\Controllers\add_product_Controller->editProduct()
 3 SYSTEMPATH\CodeIgniter.php(457): CodeIgniter\CodeIgniter->runController(Object(App\Controllers\add_product_Controller))
 4 SYSTEMPATH\CodeIgniter.php(340): CodeIgniter\CodeIgniter->handleRequest(null, Object(Config\Cache), false)
 5 FCPATH\index.php(67): CodeIgniter\CodeIgniter->run()
