ERROR - 2022-09-26 03:21:33 --> mysqli_sql_exception: Unknown column 'mo' in 'field list' in C:\xampp\htdocs\KJ\system\Database\MySQLi\Connection.php:292
Stack trace:
#0 C:\xampp\htdocs\KJ\system\Database\MySQLi\Connection.php(292): mysqli->query('INSERT INTO `re...', 0)
#1 C:\xampp\htdocs\KJ\system\Database\BaseConnection.php(693): CodeIgniter\Database\MySQLi\Connection->execute('INSERT INTO `re...')
#2 C:\xampp\htdocs\KJ\system\Database\BaseConnection.php(620): CodeIgniter\Database\BaseConnection->simpleQuery('INSERT INTO `re...')
#3 C:\xampp\htdocs\KJ\system\Database\BaseBuilder.php(1916): CodeIgniter\Database\BaseConnection->query('INSERT INTO `re...', Array, false)
#4 C:\xampp\htdocs\KJ\system\Model.php(278): CodeIgniter\Database\BaseBuilder->insert()
#5 C:\xampp\htdocs\KJ\system\BaseModel.php(738): CodeIgniter\Model->doInsert(Array)
#6 C:\xampp\htdocs\KJ\system\Model.php(666): CodeIgniter\BaseModel->insert(Array, true)
#7 C:\xampp\htdocs\KJ\app\Controllers\Home.php(124): CodeIgniter\Model->insert(Array)
#8 C:\xampp\htdocs\KJ\system\CodeIgniter.php(904): App\Controllers\Home->register_ins()
#9 C:\xampp\htdocs\KJ\system\CodeIgniter.php(457): CodeIgniter\CodeIgniter->runController(Object(App\Controllers\Home))
#10 C:\xampp\htdocs\KJ\system\CodeIgniter.php(340): CodeIgniter\CodeIgniter->handleRequest(NULL, Object(Config\Cache), false)
#11 C:\xampp\htdocs\KJ\public\index.php(67): CodeIgniter\CodeIgniter->run()
#12 {main}
CRITICAL - 2022-09-26 03:21:33 --> Unknown column 'mo' in 'field list'
in SYSTEMPATH\Database\MySQLi\Connection.php on line 292.
 1 SYSTEMPATH\Database\MySQLi\Connection.php(292): mysqli->query('INSERT INTO `register` (`Owner_name`, `Shop_name`, `email`, `mo`, `pwd`, `status`) VALUES (\'zrsoni\', \'zrsoni\', \'zinzuvadiyaraj6881@gmail.com\', \'1234567890\', \'AS!@as12\', \'Active\')', 0)
 2 SYSTEMPATH\Database\BaseConnection.php(693): CodeIgniter\Database\MySQLi\Connection->execute('INSERT INTO `register` (`Owner_name`, `Shop_name`, `email`, `mo`, `pwd`, `status`) VALUES (\'zrsoni\', \'zrsoni\', \'zinzuvadiyaraj6881@gmail.com\', \'1234567890\', \'AS!@as12\', \'Active\')')
 3 SYSTEMPATH\Database\BaseConnection.php(620): CodeIgniter\Database\BaseConnection->simpleQuery('INSERT INTO `register` (`Owner_name`, `Shop_name`, `email`, `mo`, `pwd`, `status`) VALUES (\'zrsoni\', \'zrsoni\', \'zinzuvadiyaraj6881@gmail.com\', \'1234567890\', \'AS!@as12\', \'Active\')')
 4 SYSTEMPATH\Database\BaseBuilder.php(1916): CodeIgniter\Database\BaseConnection->query('INSERT INTO `register` (`Owner_name`, `Shop_name`, `email`, `mo`, `pwd`, `status`) VALUES (:Owner_name:, :Shop_name:, :email:, :mo:, :pwd:, :status:)', [...], false)
 5 SYSTEMPATH\Model.php(278): CodeIgniter\Database\BaseBuilder->insert()
 6 SYSTEMPATH\BaseModel.php(738): CodeIgniter\Model->doInsert([...])
 7 SYSTEMPATH\Model.php(666): CodeIgniter\BaseModel->insert([...], true)
 8 APPPATH\Controllers\Home.php(124): CodeIgniter\Model->insert([...])
 9 SYSTEMPATH\CodeIgniter.php(904): App\Controllers\Home->register_ins()
10 SYSTEMPATH\CodeIgniter.php(457): CodeIgniter\CodeIgniter->runController(Object(App\Controllers\Home))
11 SYSTEMPATH\CodeIgniter.php(340): CodeIgniter\CodeIgniter->handleRequest(null, Object(Config\Cache), false)
12 FCPATH\index.php(67): CodeIgniter\CodeIgniter->run()
